2024-04-13 11:17:27,451 Namespace(cfg='configs/cityscapes/pidnet_small_cityscapes.yaml', opts=[], seed=304)
2024-04-13 11:17:27,451 AUTO_RESUME: False
CUDNN:
  BENCHMARK: True
  DETERMINISTIC: False
  ENABLED: True
DATASET:
  DATASET: cityscapes
  EXTRA_TRAIN_SET: 
  NUM_CLASSES: 19
  ROOT: data/
  TEST_SET: list/cityscapes/val.lst
  TRAIN_SET: list/cityscapes/train.lst
GPUS: (0,)
LOG_DIR: log
LOSS:
  BALANCE_WEIGHTS: [0.4, 1.0]
  CLASS_BALANCE: False
  OHEMKEEP: 131072
  OHEMTHRES: 0.9
  SB_WEIGHTS: 1.0
  USE_OHEM: True
MODEL:
  ALIGN_CORNERS: True
  NAME: pidnet_small
  NUM_OUTPUTS: 2
  PRETRAINED: pretrained_models/imagenet/PIDNet_S_ImageNet.pth.tar
OUTPUT_DIR: output
PIN_MEMORY: True
PRINT_FREQ: 10
TEST:
  BASE_SIZE: 2048
  BATCH_SIZE_PER_GPU: 6
  FLIP_TEST: False
  IMAGE_SIZE: [2048, 1024]
  MODEL_FILE: 
  MULTI_SCALE: False
  OUTPUT_INDEX: 1
TRAIN:
  BASE_SIZE: 2048
  BATCH_SIZE_PER_GPU: 6
  BEGIN_EPOCH: 0
  END_EPOCH: 484
  EXTRA_EPOCH: 0
  EXTRA_LR: 0.001
  FLIP: False
  IGNORE_LABEL: 255
  IMAGE_SIZE: [2048, 1024]
  INSTANCE: False
  LR: 0.01
  MOMENTUM: 0.9
  MULTI_SCALE: False
  NESTEROV: False
  OPTIMIZER: adam
  RESUME: False
  SCALE_FACTOR: 16
  SHUFFLE: True
  WD: 0.0005
WORKERS: 6
2024-04-13 11:17:27,817 Attention!!!
2024-04-13 11:17:27,817 Loaded 302 parameters!
2024-04-13 11:17:27,817 Over!!!
2024-04-13 11:17:37,734 Epoch: [0/484] Iter:[0/495], Time: 9.75, lr: [0.01], Loss: 17.046043, Acc:0.017817, Semantic loss: 6.420955, BCE loss: 3.864224, SB loss: 5.156050, GIOU loss: 1.604814, CONF loss: 0.702160
2024-04-13 11:17:44,053 Epoch: [0/484] Iter:[10/495], Time: 1.45, lr: [0.01], Loss: 10.036474, Acc:0.432722, Semantic loss: 3.308485, BCE loss: 2.409200, SB loss: 3.253598, GIOU loss: 1.065144, CONF loss: 45.110828
2024-04-13 11:17:51,753 Epoch: [0/484] Iter:[20/495], Time: 1.13, lr: [0.01], Loss: 7.830509, Acc:0.468138, Semantic loss: 2.546996, BCE loss: 1.747680, SB loss: 2.501182, GIOU loss: 1.034603, CONF loss: 47.606090
2024-04-13 11:18:02,158 Epoch: [0/484] Iter:[30/495], Time: 1.10, lr: [0.01], Loss: 7.135647, Acc:0.505750, Semantic loss: 2.272105, BCE loss: 1.525779, SB loss: 2.314193, GIOU loss: 1.023517, CONF loss: 52.009361
2024-04-13 11:18:09,972 Epoch: [0/484] Iter:[40/495], Time: 1.02, lr: [0.01], Loss: 6.659256, Acc:0.539022, Semantic loss: 2.111751, BCE loss: 1.400392, SB loss: 2.129251, GIOU loss: 1.017810, CONF loss: 50.920214
2024-04-13 11:18:19,852 Epoch: [0/484] Iter:[50/495], Time: 1.01, lr: [0.01], Loss: 6.319710, Acc:0.559413, Semantic loss: 1.973093, BCE loss: 1.315981, SB loss: 2.016266, GIOU loss: 1.014319, CONF loss: 51.081084
2024-04-13 11:18:29,980 Epoch: [0/484] Iter:[60/495], Time: 1.01, lr: [0.01], Loss: 6.069025, Acc:0.578041, Semantic loss: 1.873658, BCE loss: 1.251064, SB loss: 1.932278, GIOU loss: 1.011973, CONF loss: 52.179637
2024-04-13 11:18:37,773 Epoch: [0/484] Iter:[70/495], Time: 0.98, lr: [0.01], Loss: 5.887235, Acc:0.592081, Semantic loss: 1.813564, BCE loss: 1.211603, SB loss: 1.851728, GIOU loss: 1.010288, CONF loss: 51.801906
2024-04-13 11:18:47,853 Epoch: [0/484] Iter:[80/495], Time: 0.98, lr: [0.01], Loss: 5.749964, Acc:0.602623, Semantic loss: 1.757389, BCE loss: 1.172546, SB loss: 1.810959, GIOU loss: 1.009018, CONF loss: 52.744297
2024-04-13 11:18:57,961 Epoch: [0/484] Iter:[90/495], Time: 0.99, lr: [0.01], Loss: 5.627148, Acc:0.610773, Semantic loss: 1.706482, BCE loss: 1.143866, SB loss: 1.768719, GIOU loss: 1.008027, CONF loss: 53.232392
2024-04-13 11:19:05,799 Epoch: [0/484] Iter:[100/495], Time: 0.97, lr: [0.01], Loss: 5.531148, Acc:0.615467, Semantic loss: 1.673321, BCE loss: 1.120965, SB loss: 1.729576, GIOU loss: 1.007233, CONF loss: 52.402116
2024-04-13 11:19:15,185 Epoch: [0/484] Iter:[110/495], Time: 0.96, lr: [0.01], Loss: 5.423114, Acc:0.623679, Semantic loss: 1.629296, BCE loss: 1.097231, SB loss: 1.689955, GIOU loss: 1.006581, CONF loss: 51.983237
2024-04-13 11:19:25,562 Epoch: [0/484] Iter:[120/495], Time: 0.97, lr: [0.01], Loss: 5.354813, Acc:0.630439, Semantic loss: 1.603053, BCE loss: 1.076627, SB loss: 1.669044, GIOU loss: 1.006037, CONF loss: 51.630846
2024-04-13 11:19:33,500 Epoch: [0/484] Iter:[130/495], Time: 0.96, lr: [0.01], Loss: 5.280768, Acc:0.635700, Semantic loss: 1.568357, BCE loss: 1.060642, SB loss: 1.646141, GIOU loss: 1.005576, CONF loss: 51.439392
2024-04-13 11:19:43,150 Epoch: [0/484] Iter:[140/495], Time: 0.96, lr: [0.01], Loss: 5.230691, Acc:0.639304, Semantic loss: 1.549698, BCE loss: 1.043570, SB loss: 1.632189, GIOU loss: 1.005181, CONF loss: 51.953209
2024-04-13 11:19:54,044 Epoch: [0/484] Iter:[150/495], Time: 0.97, lr: [0.01], Loss: 5.177019, Acc:0.643422, Semantic loss: 1.526945, BCE loss: 1.028636, SB loss: 1.616547, GIOU loss: 1.004838, CONF loss: 52.265359
2024-04-13 11:20:02,018 Epoch: [0/484] Iter:[160/495], Time: 0.96, lr: [0.01], Loss: 5.149968, Acc:0.646440, Semantic loss: 1.515106, BCE loss: 1.016751, SB loss: 1.613521, GIOU loss: 1.004537, CONF loss: 52.413995
2024-04-13 11:20:12,184 Epoch: [0/484] Iter:[170/495], Time: 0.96, lr: [0.01], Loss: 5.112598, Acc:0.648989, Semantic loss: 1.504062, BCE loss: 1.003805, SB loss: 1.600406, GIOU loss: 1.004272, CONF loss: 52.944828
2024-04-13 11:20:21,591 Epoch: [0/484] Iter:[180/495], Time: 0.96, lr: [0.01], Loss: 5.089608, Acc:0.650233, Semantic loss: 1.496625, BCE loss: 0.996312, SB loss: 1.592582, GIOU loss: 1.004036, CONF loss: 52.782785
2024-04-13 11:20:29,418 Epoch: [0/484] Iter:[190/495], Time: 0.95, lr: [0.01], Loss: 5.057070, Acc:0.652276, Semantic loss: 1.486059, BCE loss: 0.986067, SB loss: 1.581066, GIOU loss: 1.003825, CONF loss: 53.083258
2024-04-13 11:20:40,861 Epoch: [0/484] Iter:[200/495], Time: 0.96, lr: [0.01], Loss: 5.033617, Acc:0.654218, Semantic loss: 1.479711, BCE loss: 0.978497, SB loss: 1.571721, GIOU loss: 1.003635, CONF loss: 52.851311
2024-04-13 11:20:51,318 Epoch: [0/484] Iter:[210/495], Time: 0.96, lr: [0.01], Loss: 4.999534, Acc:0.657154, Semantic loss: 1.465938, BCE loss: 0.967304, SB loss: 1.562777, GIOU loss: 1.003462, CONF loss: 52.741698
2024-04-13 11:20:59,699 Epoch: [0/484] Iter:[220/495], Time: 0.96, lr: [0.01], Loss: 4.972904, Acc:0.659443, Semantic loss: 1.456962, BCE loss: 0.957636, SB loss: 1.554947, GIOU loss: 1.003306, CONF loss: 52.914831
2024-04-13 11:21:09,260 Epoch: [0/484] Iter:[230/495], Time: 0.96, lr: [0.01], Loss: 4.946438, Acc:0.661666, Semantic loss: 1.445754, BCE loss: 0.949993, SB loss: 1.547477, GIOU loss: 1.003163, CONF loss: 52.797097
2024-04-13 11:21:20,303 Epoch: [0/484] Iter:[240/495], Time: 0.96, lr: [0.01], Loss: 4.926985, Acc:0.662991, Semantic loss: 1.439549, BCE loss: 0.943408, SB loss: 1.540943, GIOU loss: 1.003031, CONF loss: 53.004978
2024-04-13 11:21:27,555 Epoch: [0/484] Iter:[250/495], Time: 0.95, lr: [0.01], Loss: 4.904656, Acc:0.664986, Semantic loss: 1.431693, BCE loss: 0.936805, SB loss: 1.533194, GIOU loss: 1.002911, CONF loss: 53.276674
2024-04-13 11:21:37,147 Epoch: [0/484] Iter:[260/495], Time: 0.95, lr: [0.01], Loss: 4.880713, Acc:0.667167, Semantic loss: 1.422028, BCE loss: 0.930217, SB loss: 1.525616, GIOU loss: 1.002799, CONF loss: 53.174657
2024-04-13 11:21:46,828 Epoch: [0/484] Iter:[270/495], Time: 0.95, lr: [0.01], Loss: 4.864641, Acc:0.668646, Semantic loss: 1.416581, BCE loss: 0.925659, SB loss: 1.519652, GIOU loss: 1.002696, CONF loss: 53.295261
2024-04-13 11:21:54,323 Epoch: [0/484] Iter:[280/495], Time: 0.95, lr: [0.01], Loss: 4.841899, Acc:0.670693, Semantic loss: 1.407243, BCE loss: 0.920323, SB loss: 1.511680, GIOU loss: 1.002600, CONF loss: 52.925092
2024-04-13 11:22:03,526 Epoch: [0/484] Iter:[290/495], Time: 0.95, lr: [0.01], Loss: 4.824307, Acc:0.672089, Semantic loss: 1.398844, BCE loss: 0.915847, SB loss: 1.507053, GIOU loss: 1.002511, CONF loss: 52.268017
2024-04-13 11:22:13,422 Epoch: [0/484] Iter:[300/495], Time: 0.95, lr: [0.01], Loss: 4.807407, Acc:0.673034, Semantic loss: 1.393889, BCE loss: 0.909734, SB loss: 1.501305, GIOU loss: 1.002427, CONF loss: 51.628308
2024-04-13 11:22:21,108 Epoch: [0/484] Iter:[310/495], Time: 0.94, lr: [0.01], Loss: 4.792631, Acc:0.674342, Semantic loss: 1.387284, BCE loss: 0.904974, SB loss: 1.497973, GIOU loss: 1.002349, CONF loss: 51.152062
2024-04-13 11:22:30,163 Epoch: [0/484] Iter:[320/495], Time: 0.94, lr: [0.01], Loss: 4.776781, Acc:0.675548, Semantic loss: 1.381669, BCE loss: 0.900638, SB loss: 1.492148, GIOU loss: 1.002276, CONF loss: 50.368425
2024-04-13 11:22:41,113 Epoch: [0/484] Iter:[330/495], Time: 0.95, lr: [0.01], Loss: 4.763771, Acc:0.676685, Semantic loss: 1.377507, BCE loss: 0.895847, SB loss: 1.488159, GIOU loss: 1.002207, CONF loss: 49.778161
2024-04-13 11:22:49,038 Epoch: [0/484] Iter:[340/495], Time: 0.94, lr: [0.01], Loss: 4.748815, Acc:0.677900, Semantic loss: 1.372037, BCE loss: 0.890834, SB loss: 1.483751, GIOU loss: 1.002143, CONF loss: 49.880133
2024-04-13 11:22:59,500 Epoch: [0/484] Iter:[350/495], Time: 0.94, lr: [0.01], Loss: 4.729041, Acc:0.679358, Semantic loss: 1.364941, BCE loss: 0.884970, SB loss: 1.476998, GIOU loss: 1.002082, CONF loss: 49.828188
2024-04-13 11:23:10,047 Epoch: [0/484] Iter:[360/495], Time: 0.95, lr: [0.01], Loss: 4.713848, Acc:0.680333, Semantic loss: 1.359293, BCE loss: 0.881009, SB loss: 1.471472, GIOU loss: 1.002024, CONF loss: 49.535157
2024-04-13 11:23:17,723 Epoch: [0/484] Iter:[370/495], Time: 0.94, lr: [0.01], Loss: 4.695041, Acc:0.681903, Semantic loss: 1.352333, BCE loss: 0.876248, SB loss: 1.464442, GIOU loss: 1.001969, CONF loss: 48.601909
2024-04-13 11:23:28,298 Epoch: [0/484] Iter:[380/495], Time: 0.95, lr: [0.01], Loss: 4.684529, Acc:0.682691, Semantic loss: 1.349083, BCE loss: 0.872211, SB loss: 1.461270, GIOU loss: 1.001918, CONF loss: 47.588453
2024-04-13 11:23:38,201 Epoch: [0/484] Iter:[390/495], Time: 0.95, lr: [0.01], Loss: 4.668573, Acc:0.683750, Semantic loss: 1.341686, BCE loss: 0.867735, SB loss: 1.457236, GIOU loss: 1.001869, CONF loss: 46.542504
2024-04-13 11:23:45,712 Epoch: [0/484] Iter:[400/495], Time: 0.94, lr: [0.01], Loss: 4.658488, Acc:0.684627, Semantic loss: 1.340022, BCE loss: 0.864194, SB loss: 1.452404, GIOU loss: 1.001822, CONF loss: 45.515118
2024-04-13 11:23:56,018 Epoch: [0/484] Iter:[410/495], Time: 0.94, lr: [0.01], Loss: 4.652083, Acc:0.685194, Semantic loss: 1.339872, BCE loss: 0.861331, SB loss: 1.449057, GIOU loss: 1.001778, CONF loss: 44.502071
2024-04-13 11:24:05,751 Epoch: [0/484] Iter:[420/495], Time: 0.94, lr: [0.01], Loss: 4.638195, Acc:0.686504, Semantic loss: 1.333179, BCE loss: 0.857309, SB loss: 1.445928, GIOU loss: 1.001736, CONF loss: 43.549136
2024-04-13 11:24:13,258 Epoch: [0/484] Iter:[430/495], Time: 0.94, lr: [0.01], Loss: 4.631592, Acc:0.687414, Semantic loss: 1.331699, BCE loss: 0.854514, SB loss: 1.443641, GIOU loss: 1.001696, CONF loss: 42.740650
2024-04-13 11:24:23,844 Epoch: [0/484] Iter:[440/495], Time: 0.94, lr: [0.01], Loss: 4.620794, Acc:0.688410, Semantic loss: 1.328921, BCE loss: 0.850715, SB loss: 1.439459, GIOU loss: 1.001657, CONF loss: 41.802285
2024-04-13 11:24:32,726 Epoch: [0/484] Iter:[450/495], Time: 0.94, lr: [0.01], Loss: 4.607594, Acc:0.689261, Semantic loss: 1.323042, BCE loss: 0.846744, SB loss: 1.436147, GIOU loss: 1.001620, CONF loss: 40.901895
2024-04-13 11:24:41,161 Epoch: [0/484] Iter:[460/495], Time: 0.94, lr: [0.01], Loss: 4.593025, Acc:0.690559, Semantic loss: 1.318033, BCE loss: 0.842759, SB loss: 1.430607, GIOU loss: 1.001585, CONF loss: 40.045819
2024-04-13 11:24:50,745 Epoch: [0/484] Iter:[470/495], Time: 0.94, lr: [0.01], Loss: 4.582262, Acc:0.691622, Semantic loss: 1.314614, BCE loss: 0.839539, SB loss: 1.426517, GIOU loss: 1.001552, CONF loss: 39.223305
2024-04-13 11:25:01,059 Epoch: [0/484] Iter:[480/495], Time: 0.94, lr: [0.01], Loss: 4.569847, Acc:0.692481, Semantic loss: 1.310777, BCE loss: 0.836196, SB loss: 1.421315, GIOU loss: 1.001520, CONF loss: 38.427466
2024-04-13 11:25:08,316 Epoch: [0/484] Iter:[490/495], Time: 0.94, lr: [0.01], Loss: 4.564631, Acc:0.692851, Semantic loss: 1.309148, BCE loss: 0.833727, SB loss: 1.420229, GIOU loss: 1.001489, CONF loss: 37.661187
2024-04-13 11:30:01,678 0 [0.34646665 0.         0.         0.         0.         0.
 0.         0.         0.         0.         0.         0.
 0.         0.         0.         0.         0.         0.
 0.        ] 0.01823508664181358
2024-04-13 11:30:01,679 1 [0.41398902 0.         0.         0.         0.         0.
 0.         0.         0.         0.         0.         0.
 0.         0.         0.         0.         0.         0.
 0.        ] 0.02178889600854171
2024-04-13 11:30:01,688 => saving checkpoint to output/cityscapes/pidnet_small_cityscapescheckpoint.pth.tar
2024-04-13 11:30:02,589 Loss: 11.575, MeanIU:  0.0218, Best_mIoU:  0.0218
2024-04-13 11:30:08,483 Epoch: [1/484] Iter:[0/495], Time: 5.77, lr: [0.01], Loss: 4.015409, Acc:0.765521, Semantic loss: 1.066456, BCE loss: 0.690774, SB loss: 1.258172, GIOU loss: 1.000007, CONF loss: 0.694109
2024-04-13 11:30:16,693 Epoch: [1/484] Iter:[10/495], Time: 1.27, lr: [0.01], Loss: 4.325104, Acc:0.718343, Semantic loss: 1.268202, BCE loss: 0.679546, SB loss: 1.377349, GIOU loss: 1.000006, CONF loss: 0.715137
2024-04-13 11:30:26,183 Epoch: [1/484] Iter:[20/495], Time: 1.12, lr: [0.01], Loss: 4.260037, Acc:0.725802, Semantic loss: 1.225726, BCE loss: 0.674943, SB loss: 1.359360, GIOU loss: 1.000007, CONF loss: 0.731929
2024-04-13 11:30:36,162 Epoch: [1/484] Iter:[30/495], Time: 1.08, lr: [0.01], Loss: 4.225475, Acc:0.727449, Semantic loss: 1.208152, BCE loss: 0.681355, SB loss: 1.335960, GIOU loss: 1.000007, CONF loss: 0.717247
2024-04-13 11:30:44,888 Epoch: [1/484] Iter:[40/495], Time: 1.03, lr: [0.01], Loss: 4.184578, Acc:0.731222, Semantic loss: 1.189643, BCE loss: 0.677607, SB loss: 1.317321, GIOU loss: 1.000007, CONF loss: 0.721418
2024-04-13 11:30:54,645 Epoch: [1/484] Iter:[50/495], Time: 1.02, lr: [0.01], Loss: 4.150789, Acc:0.735870, Semantic loss: 1.170820, BCE loss: 0.676815, SB loss: 1.303145, GIOU loss: 1.000008, CONF loss: 0.721327
2024-04-13 11:31:03,780 Epoch: [1/484] Iter:[60/495], Time: 1.00, lr: [0.01], Loss: 4.132155, Acc:0.738552, Semantic loss: 1.174357, BCE loss: 0.672811, SB loss: 1.284978, GIOU loss: 1.000009, CONF loss: 0.725295
2024-04-13 11:31:14,153 Epoch: [1/484] Iter:[70/495], Time: 1.01, lr: [0.01], Loss: 4.115665, Acc:0.736214, Semantic loss: 1.165121, BCE loss: 0.673646, SB loss: 1.276888, GIOU loss: 1.000009, CONF loss: 0.717527
2024-04-13 11:31:23,467 Epoch: [1/484] Iter:[80/495], Time: 1.00, lr: [0.01], Loss: 4.102813, Acc:0.737176, Semantic loss: 1.155509, BCE loss: 0.673888, SB loss: 1.273406, GIOU loss: 1.000010, CONF loss: 0.720002
2024-04-13 11:31:30,584 Epoch: [1/484] Iter:[90/495], Time: 0.97, lr: [0.01], Loss: 4.097772, Acc:0.737923, Semantic loss: 1.154880, BCE loss: 0.674642, SB loss: 1.268239, GIOU loss: 1.000010, CONF loss: 0.729992
2024-04-13 11:31:40,629 Epoch: [1/484] Iter:[100/495], Time: 0.97, lr: [0.01], Loss: 4.081110, Acc:0.740916, Semantic loss: 1.145739, BCE loss: 0.672312, SB loss: 1.263048, GIOU loss: 1.000011, CONF loss: 0.730327
2024-04-13 11:31:50,014 Epoch: [1/484] Iter:[110/495], Time: 0.97, lr: [0.01], Loss: 4.097565, Acc:0.741200, Semantic loss: 1.151939, BCE loss: 0.675459, SB loss: 1.270154, GIOU loss: 1.000012, CONF loss: 0.727235
2024-04-13 11:31:58,525 Epoch: [1/484] Iter:[120/495], Time: 0.96, lr: [0.01], Loss: 4.104149, Acc:0.741865, Semantic loss: 1.154507, BCE loss: 0.675948, SB loss: 1.273680, GIOU loss: 1.000013, CONF loss: 0.724406
2024-04-13 11:32:07,875 Epoch: [1/484] Iter:[130/495], Time: 0.96, lr: [0.01], Loss: 4.086608, Acc:0.742840, Semantic loss: 1.143314, BCE loss: 0.677360, SB loss: 1.265920, GIOU loss: 1.000014, CONF loss: 0.721347
2024-04-13 11:32:17,586 Epoch: [1/484] Iter:[140/495], Time: 0.96, lr: [0.01], Loss: 4.093225, Acc:0.742179, Semantic loss: 1.146361, BCE loss: 0.677695, SB loss: 1.269153, GIOU loss: 1.000015, CONF loss: 0.717995
2024-04-13 11:32:26,937 Epoch: [1/484] Iter:[150/495], Time: 0.96, lr: [0.01], Loss: 4.085342, Acc:0.741076, Semantic loss: 1.141377, BCE loss: 0.676666, SB loss: 1.267282, GIOU loss: 1.000016, CONF loss: 0.714667
2024-04-13 11:32:35,837 Epoch: [1/484] Iter:[160/495], Time: 0.95, lr: [0.01], Loss: 4.087234, Acc:0.741107, Semantic loss: 1.144819, BCE loss: 0.676071, SB loss: 1.266326, GIOU loss: 1.000017, CONF loss: 0.712730
2024-04-13 11:32:45,614 Epoch: [1/484] Iter:[170/495], Time: 0.95, lr: [0.01], Loss: 4.086487, Acc:0.740931, Semantic loss: 1.146033, BCE loss: 0.674803, SB loss: 1.265632, GIOU loss: 1.000018, CONF loss: 0.711798
2024-04-13 11:32:53,953 Epoch: [1/484] Iter:[180/495], Time: 0.95, lr: [0.01], Loss: 4.080174, Acc:0.740872, Semantic loss: 1.141982, BCE loss: 0.673780, SB loss: 1.264392, GIOU loss: 1.000019, CONF loss: 0.710572
2024-04-13 11:33:03,842 Epoch: [1/484] Iter:[190/495], Time: 0.95, lr: [0.01], Loss: 4.070654, Acc:0.741306, Semantic loss: 1.140247, BCE loss: 0.669722, SB loss: 1.260663, GIOU loss: 1.000021, CONF loss: 0.709233
2024-04-13 11:33:13,526 Epoch: [1/484] Iter:[200/495], Time: 0.95, lr: [0.01], Loss: 4.066570, Acc:0.741805, Semantic loss: 1.137945, BCE loss: 0.668042, SB loss: 1.260560, GIOU loss: 1.000022, CONF loss: 0.708395
2024-04-13 11:33:21,986 Epoch: [1/484] Iter:[210/495], Time: 0.94, lr: [0.01], Loss: 4.062919, Acc:0.741450, Semantic loss: 1.136183, BCE loss: 0.666483, SB loss: 1.260228, GIOU loss: 1.000024, CONF loss: 0.707707
2024-04-13 11:33:31,220 Epoch: [1/484] Iter:[220/495], Time: 0.94, lr: [0.01], Loss: 4.058330, Acc:0.741434, Semantic loss: 1.132524, BCE loss: 0.666182, SB loss: 1.259599, GIOU loss: 1.000025, CONF loss: 0.706495
2024-04-13 11:33:41,019 Epoch: [1/484] Iter:[230/495], Time: 0.95, lr: [0.01], Loss: 4.057094, Acc:0.741832, Semantic loss: 1.132006, BCE loss: 0.665572, SB loss: 1.259488, GIOU loss: 1.000027, CONF loss: 0.705147
2024-04-13 11:33:49,288 Epoch: [1/484] Iter:[240/495], Time: 0.94, lr: [0.01], Loss: 4.060812, Acc:0.741196, Semantic loss: 1.135183, BCE loss: 0.664736, SB loss: 1.260864, GIOU loss: 1.000029, CONF loss: 0.704224
2024-04-13 11:33:57,853 Epoch: [1/484] Iter:[250/495], Time: 0.94, lr: [0.01], Loss: 4.068009, Acc:0.740005, Semantic loss: 1.137190, BCE loss: 0.665729, SB loss: 1.265059, GIOU loss: 1.000031, CONF loss: 0.703341
2024-04-13 11:34:08,843 Epoch: [1/484] Iter:[260/495], Time: 0.94, lr: [0.01], Loss: 4.066330, Acc:0.739762, Semantic loss: 1.138216, BCE loss: 0.665578, SB loss: 1.262502, GIOU loss: 1.000033, CONF loss: 0.702908
2024-04-13 11:34:17,674 Epoch: [1/484] Iter:[270/495], Time: 0.94, lr: [0.01], Loss: 4.065127, Acc:0.739617, Semantic loss: 1.136782, BCE loss: 0.667145, SB loss: 1.261164, GIOU loss: 1.000035, CONF loss: 0.702501
2024-04-13 11:34:26,071 Epoch: [1/484] Iter:[280/495], Time: 0.94, lr: [0.01], Loss: 4.065996, Acc:0.739011, Semantic loss: 1.138287, BCE loss: 0.666767, SB loss: 1.260905, GIOU loss: 1.000037, CONF loss: 0.702176
2024-04-13 11:34:36,800 Epoch: [1/484] Iter:[290/495], Time: 0.94, lr: [0.01], Loss: 4.060743, Acc:0.739681, Semantic loss: 1.136800, BCE loss: 0.665552, SB loss: 1.258352, GIOU loss: 1.000038, CONF loss: 0.701752
2024-04-13 11:34:45,297 Epoch: [1/484] Iter:[300/495], Time: 0.94, lr: [0.01], Loss: 4.062256, Acc:0.740145, Semantic loss: 1.137101, BCE loss: 0.664720, SB loss: 1.260394, GIOU loss: 1.000039, CONF loss: 0.701190
2024-04-13 11:34:53,807 Epoch: [1/484] Iter:[310/495], Time: 0.94, lr: [0.01], Loss: 4.057541, Acc:0.740926, Semantic loss: 1.135244, BCE loss: 0.664297, SB loss: 1.257959, GIOU loss: 1.000041, CONF loss: 0.700878
2024-04-13 11:35:04,583 Epoch: [1/484] Iter:[320/495], Time: 0.94, lr: [0.01], Loss: 4.052219, Acc:0.741262, Semantic loss: 1.132414, BCE loss: 0.663734, SB loss: 1.256027, GIOU loss: 1.000043, CONF loss: 0.700304
2024-04-13 11:35:14,865 Epoch: [1/484] Iter:[330/495], Time: 0.94, lr: [0.01], Loss: 4.049834, Acc:0.741542, Semantic loss: 1.133566, BCE loss: 0.661868, SB loss: 1.254354, GIOU loss: 1.000045, CONF loss: 0.700124
2024-04-13 11:35:22,297 Epoch: [1/484] Iter:[340/495], Time: 0.94, lr: [0.01], Loss: 4.047337, Acc:0.741569, Semantic loss: 1.132374, BCE loss: 0.661185, SB loss: 1.253732, GIOU loss: 1.000047, CONF loss: 0.699853
2024-04-13 11:35:32,734 Epoch: [1/484] Iter:[350/495], Time: 0.94, lr: [0.01], Loss: 4.039839, Acc:0.741794, Semantic loss: 1.129416, BCE loss: 0.660810, SB loss: 1.249564, GIOU loss: 1.000048, CONF loss: 0.699530
2024-04-13 11:35:42,771 Epoch: [1/484] Iter:[360/495], Time: 0.94, lr: [0.01], Loss: 4.034268, Acc:0.742319, Semantic loss: 1.127590, BCE loss: 0.659844, SB loss: 1.246783, GIOU loss: 1.000050, CONF loss: 0.699496
2024-04-13 11:35:50,793 Epoch: [1/484] Iter:[370/495], Time: 0.94, lr: [0.01], Loss: 4.030054, Acc:0.742805, Semantic loss: 1.125316, BCE loss: 0.659588, SB loss: 1.245097, GIOU loss: 1.000051, CONF loss: 0.699329
2024-04-13 11:36:00,971 Epoch: [1/484] Iter:[380/495], Time: 0.94, lr: [0.01], Loss: 4.028562, Acc:0.743020, Semantic loss: 1.125724, BCE loss: 0.659066, SB loss: 1.243719, GIOU loss: 1.000053, CONF loss: 0.699216
2024-04-13 11:36:11,803 Epoch: [1/484] Iter:[390/495], Time: 0.94, lr: [0.01], Loss: 4.021273, Acc:0.743738, Semantic loss: 1.121332, BCE loss: 0.658288, SB loss: 1.241597, GIOU loss: 1.000055, CONF loss: 0.699055
2024-04-13 11:36:19,225 Epoch: [1/484] Iter:[400/495], Time: 0.94, lr: [0.01], Loss: 4.020825, Acc:0.743626, Semantic loss: 1.123369, BCE loss: 0.657244, SB loss: 1.240154, GIOU loss: 1.000057, CONF loss: 0.698828
2024-04-13 11:36:29,399 Epoch: [1/484] Iter:[410/495], Time: 0.94, lr: [0.01], Loss: 4.019493, Acc:0.743680, Semantic loss: 1.123505, BCE loss: 0.656435, SB loss: 1.239494, GIOU loss: 1.000058, CONF loss: 0.698676
2024-04-13 11:36:39,623 Epoch: [1/484] Iter:[420/495], Time: 0.94, lr: [0.01], Loss: 4.016660, Acc:0.743996, Semantic loss: 1.121927, BCE loss: 0.656365, SB loss: 1.238308, GIOU loss: 1.000060, CONF loss: 0.698575
2024-04-13 11:36:47,452 Epoch: [1/484] Iter:[430/495], Time: 0.94, lr: [0.01], Loss: 4.012069, Acc:0.744120, Semantic loss: 1.120406, BCE loss: 0.655112, SB loss: 1.236488, GIOU loss: 1.000062, CONF loss: 0.698439
2024-04-13 11:36:56,971 Epoch: [1/484] Iter:[440/495], Time: 0.94, lr: [0.01], Loss: 4.011938, Acc:0.743637, Semantic loss: 1.120591, BCE loss: 0.655709, SB loss: 1.235575, GIOU loss: 1.000063, CONF loss: 0.698312
2024-04-13 11:37:06,796 Epoch: [1/484] Iter:[450/495], Time: 0.94, lr: [0.01], Loss: 4.007831, Acc:0.743947, Semantic loss: 1.118879, BCE loss: 0.654753, SB loss: 1.234134, GIOU loss: 1.000065, CONF loss: 0.698078
2024-04-13 11:37:14,550 Epoch: [1/484] Iter:[460/495], Time: 0.94, lr: [0.01], Loss: 4.007071, Acc:0.744144, Semantic loss: 1.119319, BCE loss: 0.653517, SB loss: 1.234167, GIOU loss: 1.000067, CONF loss: 0.698024
2024-04-13 11:37:23,948 Epoch: [1/484] Iter:[470/495], Time: 0.94, lr: [0.01], Loss: 4.007935, Acc:0.743941, Semantic loss: 1.119900, BCE loss: 0.653905, SB loss: 1.234061, GIOU loss: 1.000069, CONF loss: 0.697868
2024-04-13 11:37:34,323 Epoch: [1/484] Iter:[480/495], Time: 0.94, lr: [0.01], Loss: 4.003011, Acc:0.744581, Semantic loss: 1.117522, BCE loss: 0.652707, SB loss: 1.232710, GIOU loss: 1.000071, CONF loss: 0.697630
2024-04-13 11:37:42,163 Epoch: [1/484] Iter:[490/495], Time: 0.94, lr: [0.01], Loss: 4.001395, Acc:0.745102, Semantic loss: 1.117597, BCE loss: 0.652379, SB loss: 1.231345, GIOU loss: 1.000073, CONF loss: 0.697724
2024-04-13 11:42:35,884 0 [0.44251207 0.         0.         0.         0.         0.
 0.         0.         0.         0.         0.         0.
 0.         0.         0.         0.         0.         0.
 0.        ] 0.023290108931692022
2024-04-13 11:42:35,884 1 [0.39738395 0.         0.         0.         0.         0.
 0.         0.         0.         0.         0.         0.
 0.         0.         0.         0.         0.         0.
 0.        ] 0.02091494479932283
2024-04-13 11:42:35,896 => saving checkpoint to output/cityscapes/pidnet_small_cityscapescheckpoint.pth.tar
2024-04-13 11:42:36,847 Loss: 9.670, MeanIU:  0.0209, Best_mIoU:  0.0218
2024-04-13 11:42:43,094 Epoch: [2/484] Iter:[0/495], Time: 6.12, lr: [0.01], Loss: 3.574154, Acc:0.751911, Semantic loss: 0.880613, BCE loss: 0.560338, SB loss: 1.133070, GIOU loss: 1.000132, CONF loss: 0.694322
2024-04-13 11:42:51,014 Epoch: [2/484] Iter:[10/495], Time: 1.28, lr: [0.01], Loss: 3.864963, Acc:0.763325, Semantic loss: 1.085950, BCE loss: 0.595615, SB loss: 1.183236, GIOU loss: 1.000161, CONF loss: 0.693665
2024-04-13 11:43:00,492 Epoch: [2/484] Iter:[20/495], Time: 1.12, lr: [0.01], Loss: 3.886656, Acc:0.759168, Semantic loss: 1.072022, BCE loss: 0.626825, SB loss: 1.187659, GIOU loss: 1.000150, CONF loss: 0.694338
2024-04-13 11:43:10,688 Epoch: [2/484] Iter:[30/495], Time: 1.09, lr: [0.01], Loss: 3.891670, Acc:0.756299, Semantic loss: 1.075057, BCE loss: 0.635202, SB loss: 1.181259, GIOU loss: 1.000150, CONF loss: 0.693966
2024-04-13 11:43:18,586 Epoch: [2/484] Iter:[40/495], Time: 1.01, lr: [0.01], Loss: 3.883035, Acc:0.757002, Semantic loss: 1.073453, BCE loss: 0.631547, SB loss: 1.177883, GIOU loss: 1.000151, CONF loss: 0.693834
2024-04-13 11:43:29,073 Epoch: [2/484] Iter:[50/495], Time: 1.02, lr: [0.01], Loss: 3.897016, Acc:0.754877, Semantic loss: 1.082880, BCE loss: 0.632898, SB loss: 1.181085, GIOU loss: 1.000152, CONF loss: 0.693788
2024-04-13 11:43:38,851 Epoch: [2/484] Iter:[60/495], Time: 1.01, lr: [0.01], Loss: 3.896358, Acc:0.754065, Semantic loss: 1.089684, BCE loss: 0.629282, SB loss: 1.177235, GIOU loss: 1.000156, CONF loss: 0.693805
2024-04-13 11:43:47,414 Epoch: [2/484] Iter:[70/495], Time: 0.99, lr: [0.01], Loss: 3.897894, Acc:0.755379, Semantic loss: 1.091747, BCE loss: 0.625369, SB loss: 1.180621, GIOU loss: 1.000156, CONF loss: 0.693439
2024-04-13 11:43:57,526 Epoch: [2/484] Iter:[80/495], Time: 0.99, lr: [0.01], Loss: 3.903753, Acc:0.753761, Semantic loss: 1.096137, BCE loss: 0.626052, SB loss: 1.181408, GIOU loss: 1.000156, CONF loss: 0.693819
2024-04-13 11:44:07,308 Epoch: [2/484] Iter:[90/495], Time: 0.99, lr: [0.01], Loss: 3.929351, Acc:0.752726, Semantic loss: 1.104944, BCE loss: 0.630813, SB loss: 1.193438, GIOU loss: 1.000156, CONF loss: 0.693830
2024-04-13 11:44:15,116 Epoch: [2/484] Iter:[100/495], Time: 0.97, lr: [0.01], Loss: 3.921287, Acc:0.752540, Semantic loss: 1.098839, BCE loss: 0.630621, SB loss: 1.191667, GIOU loss: 1.000160, CONF loss: 0.693785
2024-04-13 11:44:25,419 Epoch: [2/484] Iter:[110/495], Time: 0.98, lr: [0.01], Loss: 3.923637, Acc:0.754450, Semantic loss: 1.102369, BCE loss: 0.629872, SB loss: 1.191231, GIOU loss: 1.000164, CONF loss: 0.693757
2024-04-13 11:44:34,177 Epoch: [2/484] Iter:[120/495], Time: 0.97, lr: [0.01], Loss: 3.916939, Acc:0.755988, Semantic loss: 1.098573, BCE loss: 0.630326, SB loss: 1.187875, GIOU loss: 1.000165, CONF loss: 0.693708
2024-04-13 11:44:43,463 Epoch: [2/484] Iter:[130/495], Time: 0.97, lr: [0.01], Loss: 3.919282, Acc:0.757117, Semantic loss: 1.104386, BCE loss: 0.628294, SB loss: 1.186438, GIOU loss: 1.000164, CONF loss: 0.693773
2024-04-13 11:44:53,806 Epoch: [2/484] Iter:[140/495], Time: 0.97, lr: [0.01], Loss: 3.914959, Acc:0.757332, Semantic loss: 1.102328, BCE loss: 0.628732, SB loss: 1.183729, GIOU loss: 1.000170, CONF loss: 0.693745
2024-04-13 11:45:02,382 Epoch: [2/484] Iter:[150/495], Time: 0.96, lr: [0.01], Loss: 3.920275, Acc:0.755149, Semantic loss: 1.104563, BCE loss: 0.628785, SB loss: 1.186755, GIOU loss: 1.000171, CONF loss: 0.693363
2024-04-13 11:45:11,652 Epoch: [2/484] Iter:[160/495], Time: 0.96, lr: [0.01], Loss: 3.918111, Acc:0.755731, Semantic loss: 1.102755, BCE loss: 0.628725, SB loss: 1.186459, GIOU loss: 1.000172, CONF loss: 0.693439
2024-04-13 11:45:21,636 Epoch: [2/484] Iter:[170/495], Time: 0.96, lr: [0.01], Loss: 3.910340, Acc:0.757032, Semantic loss: 1.099480, BCE loss: 0.628254, SB loss: 1.182433, GIOU loss: 1.000173, CONF loss: 0.693355
2024-04-13 11:45:30,392 Epoch: [2/484] Iter:[180/495], Time: 0.96, lr: [0.01], Loss: 3.911046, Acc:0.757427, Semantic loss: 1.102362, BCE loss: 0.627242, SB loss: 1.181268, GIOU loss: 1.000173, CONF loss: 0.693384
2024-04-13 11:45:41,206 Epoch: [2/484] Iter:[190/495], Time: 0.96, lr: [0.01], Loss: 3.911685, Acc:0.757538, Semantic loss: 1.100222, BCE loss: 0.625575, SB loss: 1.185714, GIOU loss: 1.000174, CONF loss: 0.693378
2024-04-13 11:45:50,413 Epoch: [2/484] Iter:[200/495], Time: 0.96, lr: [0.01], Loss: 3.906616, Acc:0.758169, Semantic loss: 1.095880, BCE loss: 0.626724, SB loss: 1.183838, GIOU loss: 1.000174, CONF loss: 0.693407
2024-04-13 11:45:57,657 Epoch: [2/484] Iter:[210/495], Time: 0.95, lr: [0.01], Loss: 3.900593, Acc:0.759491, Semantic loss: 1.095265, BCE loss: 0.625587, SB loss: 1.179565, GIOU loss: 1.000175, CONF loss: 0.693395
2024-04-13 11:46:07,064 Epoch: [2/484] Iter:[220/495], Time: 0.95, lr: [0.01], Loss: 3.890477, Acc:0.760363, Semantic loss: 1.090581, BCE loss: 0.624555, SB loss: 1.175165, GIOU loss: 1.000175, CONF loss: 0.693395
2024-04-13 11:46:17,971 Epoch: [2/484] Iter:[230/495], Time: 0.96, lr: [0.01], Loss: 3.881356, Acc:0.761757, Semantic loss: 1.086683, BCE loss: 0.622478, SB loss: 1.172018, GIOU loss: 1.000177, CONF loss: 0.693391
2024-04-13 11:46:25,344 Epoch: [2/484] Iter:[240/495], Time: 0.95, lr: [0.01], Loss: 3.883348, Acc:0.761790, Semantic loss: 1.087311, BCE loss: 0.623358, SB loss: 1.172500, GIOU loss: 1.000178, CONF loss: 0.693393
2024-04-13 11:46:35,200 Epoch: [2/484] Iter:[250/495], Time: 0.95, lr: [0.01], Loss: 3.883007, Acc:0.760993, Semantic loss: 1.088534, BCE loss: 0.623949, SB loss: 1.170346, GIOU loss: 1.000178, CONF loss: 0.693484
2024-04-13 11:46:45,143 Epoch: [2/484] Iter:[260/495], Time: 0.95, lr: [0.01], Loss: 3.877747, Acc:0.761101, Semantic loss: 1.084896, BCE loss: 0.623266, SB loss: 1.169406, GIOU loss: 1.000178, CONF loss: 0.693478
2024-04-13 11:46:53,334 Epoch: [2/484] Iter:[270/495], Time: 0.95, lr: [0.01], Loss: 3.873001, Acc:0.761273, Semantic loss: 1.081831, BCE loss: 0.622611, SB loss: 1.168380, GIOU loss: 1.000179, CONF loss: 0.693405
2024-04-13 11:47:03,462 Epoch: [2/484] Iter:[280/495], Time: 0.95, lr: [0.01], Loss: 3.872125, Acc:0.761642, Semantic loss: 1.081586, BCE loss: 0.621801, SB loss: 1.168559, GIOU loss: 1.000179, CONF loss: 0.693373
2024-04-13 11:47:11,907 Epoch: [2/484] Iter:[290/495], Time: 0.94, lr: [0.01], Loss: 3.872680, Acc:0.761218, Semantic loss: 1.082737, BCE loss: 0.621099, SB loss: 1.168664, GIOU loss: 1.000179, CONF loss: 0.693339
2024-04-13 11:47:20,754 Epoch: [2/484] Iter:[300/495], Time: 0.94, lr: [0.01], Loss: 3.871887, Acc:0.760880, Semantic loss: 1.082602, BCE loss: 0.620414, SB loss: 1.168691, GIOU loss: 1.000180, CONF loss: 0.693339
2024-04-13 11:47:30,580 Epoch: [2/484] Iter:[310/495], Time: 0.94, lr: [0.01], Loss: 3.868101, Acc:0.761273, Semantic loss: 1.080892, BCE loss: 0.619193, SB loss: 1.167835, GIOU loss: 1.000181, CONF loss: 0.693332
2024-04-13 11:47:39,029 Epoch: [2/484] Iter:[320/495], Time: 0.94, lr: [0.01], Loss: 3.866699, Acc:0.761195, Semantic loss: 1.079990, BCE loss: 0.618793, SB loss: 1.167733, GIOU loss: 1.000182, CONF loss: 0.693329
2024-04-13 11:47:49,081 Epoch: [2/484] Iter:[330/495], Time: 0.94, lr: [0.01], Loss: 3.866079, Acc:0.761800, Semantic loss: 1.080814, BCE loss: 0.618236, SB loss: 1.166846, GIOU loss: 1.000183, CONF loss: 0.693317
2024-04-13 11:47:59,506 Epoch: [2/484] Iter:[340/495], Time: 0.95, lr: [0.01], Loss: 3.864163, Acc:0.762176, Semantic loss: 1.079916, BCE loss: 0.617812, SB loss: 1.166250, GIOU loss: 1.000183, CONF loss: 0.693324
2024-04-13 11:48:08,336 Epoch: [2/484] Iter:[350/495], Time: 0.94, lr: [0.01], Loss: 3.864285, Acc:0.762293, Semantic loss: 1.079941, BCE loss: 0.617619, SB loss: 1.166542, GIOU loss: 1.000183, CONF loss: 0.693316
2024-04-13 11:48:17,636 Epoch: [2/484] Iter:[360/495], Time: 0.94, lr: [0.01], Loss: 3.864345, Acc:0.762184, Semantic loss: 1.080675, BCE loss: 0.617871, SB loss: 1.165612, GIOU loss: 1.000187, CONF loss: 0.693322
2024-04-13 11:48:27,465 Epoch: [2/484] Iter:[370/495], Time: 0.94, lr: [0.01], Loss: 3.860268, Acc:0.762243, Semantic loss: 1.077874, BCE loss: 0.618036, SB loss: 1.164170, GIOU loss: 1.000188, CONF loss: 0.693339
2024-04-13 11:48:35,890 Epoch: [2/484] Iter:[380/495], Time: 0.94, lr: [0.01], Loss: 3.859820, Acc:0.762293, Semantic loss: 1.077933, BCE loss: 0.617620, SB loss: 1.164078, GIOU loss: 1.000188, CONF loss: 0.693319
2024-04-13 11:48:45,135 Epoch: [2/484] Iter:[390/495], Time: 0.94, lr: [0.01], Loss: 3.860285, Acc:0.762514, Semantic loss: 1.078368, BCE loss: 0.617736, SB loss: 1.163991, GIOU loss: 1.000189, CONF loss: 0.693319
2024-04-13 11:48:54,093 Epoch: [2/484] Iter:[400/495], Time: 0.94, lr: [0.01], Loss: 3.863587, Acc:0.762284, Semantic loss: 1.081035, BCE loss: 0.617687, SB loss: 1.164675, GIOU loss: 1.000190, CONF loss: 0.693303
2024-04-13 11:49:03,413 Epoch: [2/484] Iter:[410/495], Time: 0.94, lr: [0.01], Loss: 3.860323, Acc:0.762421, Semantic loss: 1.079631, BCE loss: 0.617179, SB loss: 1.163319, GIOU loss: 1.000193, CONF loss: 0.693376
2024-04-13 11:49:12,142 Epoch: [2/484] Iter:[420/495], Time: 0.94, lr: [0.01], Loss: 3.861456, Acc:0.762721, Semantic loss: 1.080189, BCE loss: 0.616765, SB loss: 1.164308, GIOU loss: 1.000194, CONF loss: 0.693376
2024-04-13 11:49:21,428 Epoch: [2/484] Iter:[430/495], Time: 0.94, lr: [0.01], Loss: 3.860957, Acc:0.762524, Semantic loss: 1.079940, BCE loss: 0.616582, SB loss: 1.164240, GIOU loss: 1.000195, CONF loss: 0.693415
2024-04-13 11:49:32,004 Epoch: [2/484] Iter:[440/495], Time: 0.94, lr: [0.01], Loss: 3.861407, Acc:0.762042, Semantic loss: 1.080439, BCE loss: 0.616934, SB loss: 1.163838, GIOU loss: 1.000196, CONF loss: 0.693420
2024-04-13 11:49:40,369 Epoch: [2/484] Iter:[450/495], Time: 0.94, lr: [0.01], Loss: 3.857716, Acc:0.762135, Semantic loss: 1.078436, BCE loss: 0.616455, SB loss: 1.162628, GIOU loss: 1.000197, CONF loss: 0.693416
2024-04-13 11:49:51,770 Epoch: [2/484] Iter:[460/495], Time: 0.94, lr: [0.01], Loss: 3.854301, Acc:0.762111, Semantic loss: 1.076909, BCE loss: 0.615673, SB loss: 1.161522, GIOU loss: 1.000197, CONF loss: 0.693408
2024-04-13 11:50:03,164 Epoch: [2/484] Iter:[470/495], Time: 0.95, lr: [0.01], Loss: 3.852351, Acc:0.762279, Semantic loss: 1.076620, BCE loss: 0.615216, SB loss: 1.160316, GIOU loss: 1.000198, CONF loss: 0.693402
2024-04-13 11:50:11,656 Epoch: [2/484] Iter:[480/495], Time: 0.95, lr: [0.01], Loss: 3.849054, Acc:0.762571, Semantic loss: 1.075391, BCE loss: 0.615266, SB loss: 1.158197, GIOU loss: 1.000198, CONF loss: 0.693391
2024-04-13 11:50:21,125 Epoch: [2/484] Iter:[490/495], Time: 0.95, lr: [0.01], Loss: 3.848341, Acc:0.762819, Semantic loss: 1.074662, BCE loss: 0.615151, SB loss: 1.158328, GIOU loss: 1.000199, CONF loss: 0.693383
2024-04-13 11:55:18,702 0 [0.35494592 0.         0.         0.         0.         0.
 0.         0.         0.         0.         0.         0.
 0.         0.         0.         0.         0.         0.
 0.        ] 0.018681364360608552
2024-04-13 11:55:18,703 1 [0.41492995 0.         0.         0.         0.         0.
 0.         0.         0.         0.         0.         0.
 0.         0.         0.         0.         0.         0.
 0.        ] 0.02183841820767051
2024-04-13 11:55:18,711 => saving checkpoint to output/cityscapes/pidnet_small_cityscapescheckpoint.pth.tar
2024-04-13 11:55:20,005 Loss: 12.355, MeanIU:  0.0218, Best_mIoU:  0.0218
2024-04-13 11:55:26,051 Epoch: [3/484] Iter:[0/495], Time: 5.91, lr: [0.01], Loss: 3.951875, Acc:0.783740, Semantic loss: 1.206633, BCE loss: 0.491346, SB loss: 1.253731, GIOU loss: 1.000164, CONF loss: 0.698342
2024-04-13 11:55:34,679 Epoch: [3/484] Iter:[10/495], Time: 1.32, lr: [0.01], Loss: 3.716033, Acc:0.774839, Semantic loss: 0.954413, BCE loss: 0.609664, SB loss: 1.151710, GIOU loss: 1.000245, CONF loss: 0.692887
2024-04-13 11:55:44,390 Epoch: [3/484] Iter:[20/495], Time: 1.16, lr: [0.01], Loss: 3.764721, Acc:0.775351, Semantic loss: 1.014202, BCE loss: 0.630766, SB loss: 1.119511, GIOU loss: 1.000240, CONF loss: 0.693187
2024-04-13 11:55:55,147 Epoch: [3/484] Iter:[30/495], Time: 1.13, lr: [0.01], Loss: 3.776447, Acc:0.773156, Semantic loss: 1.041924, BCE loss: 0.615811, SB loss: 1.118478, GIOU loss: 1.000233, CONF loss: 0.693012
2024-04-13 11:56:03,510 Epoch: [3/484] Iter:[40/495], Time: 1.06, lr: [0.01], Loss: 3.747905, Acc:0.774887, Semantic loss: 1.031732, BCE loss: 0.607856, SB loss: 1.108080, GIOU loss: 1.000236, CONF loss: 0.693301
2024-04-13 11:56:14,448 Epoch: [3/484] Iter:[50/495], Time: 1.07, lr: [0.01], Loss: 3.732601, Acc:0.777126, Semantic loss: 1.025613, BCE loss: 0.608425, SB loss: 1.098329, GIOU loss: 1.000233, CONF loss: 0.693418
2024-04-13 11:56:24,734 Epoch: [3/484] Iter:[60/495], Time: 1.06, lr: [0.01], Loss: 3.745546, Acc:0.775535, Semantic loss: 1.038184, BCE loss: 0.603129, SB loss: 1.103997, GIOU loss: 1.000235, CONF loss: 0.693396
2024-04-13 11:56:32,603 Epoch: [3/484] Iter:[70/495], Time: 1.02, lr: [0.01], Loss: 3.753209, Acc:0.770888, Semantic loss: 1.039882, BCE loss: 0.599526, SB loss: 1.113567, GIOU loss: 1.000233, CONF loss: 0.693413
2024-04-13 11:56:42,346 Epoch: [3/484] Iter:[80/495], Time: 1.01, lr: [0.01], Loss: 3.760045, Acc:0.770613, Semantic loss: 1.039202, BCE loss: 0.603587, SB loss: 1.117022, GIOU loss: 1.000232, CONF loss: 0.693467
2024-04-13 11:56:51,823 Epoch: [3/484] Iter:[90/495], Time: 1.01, lr: [0.01], Loss: 3.756947, Acc:0.771064, Semantic loss: 1.036315, BCE loss: 0.603755, SB loss: 1.116646, GIOU loss: 1.000230, CONF loss: 0.693446
2024-04-13 11:56:59,591 Epoch: [3/484] Iter:[100/495], Time: 0.98, lr: [0.01], Loss: 3.756374, Acc:0.771691, Semantic loss: 1.036110, BCE loss: 0.601123, SB loss: 1.118910, GIOU loss: 1.000230, CONF loss: 0.693423
2024-04-13 11:57:09,085 Epoch: [3/484] Iter:[110/495], Time: 0.98, lr: [0.01], Loss: 3.758908, Acc:0.771322, Semantic loss: 1.038086, BCE loss: 0.602342, SB loss: 1.118248, GIOU loss: 1.000230, CONF loss: 0.693422
2024-04-13 11:57:18,386 Epoch: [3/484] Iter:[120/495], Time: 0.98, lr: [0.01], Loss: 3.768513, Acc:0.769622, Semantic loss: 1.043787, BCE loss: 0.601159, SB loss: 1.123337, GIOU loss: 1.000229, CONF loss: 0.693415
2024-04-13 11:57:28,488 Epoch: [3/484] Iter:[130/495], Time: 0.98, lr: [0.01], Loss: 3.768920, Acc:0.769442, Semantic loss: 1.044134, BCE loss: 0.601108, SB loss: 1.123449, GIOU loss: 1.000228, CONF loss: 0.693404
2024-04-13 11:57:39,634 Epoch: [3/484] Iter:[140/495], Time: 0.99, lr: [0.01], Loss: 3.769556, Acc:0.769761, Semantic loss: 1.043423, BCE loss: 0.601129, SB loss: 1.124775, GIOU loss: 1.000228, CONF loss: 0.693400
2024-04-13 11:57:47,247 Epoch: [3/484] Iter:[150/495], Time: 0.97, lr: [0.01], Loss: 3.769669, Acc:0.770103, Semantic loss: 1.044717, BCE loss: 0.600326, SB loss: 1.124397, GIOU loss: 1.000227, CONF loss: 0.693412
2024-04-13 11:57:57,072 Epoch: [3/484] Iter:[160/495], Time: 0.97, lr: [0.01], Loss: 3.766548, Acc:0.771105, Semantic loss: 1.045531, BCE loss: 0.600044, SB loss: 1.120742, GIOU loss: 1.000231, CONF loss: 0.693426
2024-04-13 11:58:06,129 Epoch: [3/484] Iter:[170/495], Time: 0.97, lr: [0.01], Loss: 3.780344, Acc:0.768692, Semantic loss: 1.050612, BCE loss: 0.603376, SB loss: 1.126124, GIOU loss: 1.000231, CONF loss: 0.693424
2024-04-13 11:58:14,020 Epoch: [3/484] Iter:[180/495], Time: 0.96, lr: [0.01], Loss: 3.778651, Acc:0.768989, Semantic loss: 1.049015, BCE loss: 0.603369, SB loss: 1.126034, GIOU loss: 1.000232, CONF loss: 0.693439
2024-04-13 11:58:22,082 Epoch: [3/484] Iter:[190/495], Time: 0.95, lr: [0.01], Loss: 3.771226, Acc:0.769687, Semantic loss: 1.045469, BCE loss: 0.602437, SB loss: 1.123087, GIOU loss: 1.000233, CONF loss: 0.693437
2024-04-13 11:58:32,953 Epoch: [3/484] Iter:[200/495], Time: 0.96, lr: [0.01], Loss: 3.767543, Acc:0.769911, Semantic loss: 1.043026, BCE loss: 0.603485, SB loss: 1.120797, GIOU loss: 1.000234, CONF loss: 0.693450
2024-04-13 11:58:41,989 Epoch: [3/484] Iter:[210/495], Time: 0.96, lr: [0.01], Loss: 3.763420, Acc:0.770702, Semantic loss: 1.041592, BCE loss: 0.601613, SB loss: 1.119980, GIOU loss: 1.000235, CONF loss: 0.693453
2024-04-13 11:58:50,178 Epoch: [3/484] Iter:[220/495], Time: 0.95, lr: [0.01], Loss: 3.765004, Acc:0.770945, Semantic loss: 1.043144, BCE loss: 0.600765, SB loss: 1.120858, GIOU loss: 1.000237, CONF loss: 0.693417
2024-04-13 11:59:01,006 Epoch: [3/484] Iter:[230/495], Time: 0.96, lr: [0.01], Loss: 3.768759, Acc:0.770424, Semantic loss: 1.047212, BCE loss: 0.600335, SB loss: 1.120974, GIOU loss: 1.000237, CONF loss: 0.693431
2024-04-13 11:59:10,845 Epoch: [3/484] Iter:[240/495], Time: 0.96, lr: [0.01], Loss: 3.769027, Acc:0.770677, Semantic loss: 1.045050, BCE loss: 0.600731, SB loss: 1.123009, GIOU loss: 1.000237, CONF loss: 0.693389
2024-04-13 11:59:18,728 Epoch: [3/484] Iter:[250/495], Time: 0.95, lr: [0.01], Loss: 3.766207, Acc:0.770904, Semantic loss: 1.043840, BCE loss: 0.600134, SB loss: 1.121995, GIOU loss: 1.000237, CONF loss: 0.693400
2024-04-13 11:59:28,588 Epoch: [3/484] Iter:[260/495], Time: 0.95, lr: [0.01], Loss: 3.760875, Acc:0.771433, Semantic loss: 1.040566, BCE loss: 0.599414, SB loss: 1.120658, GIOU loss: 1.000236, CONF loss: 0.693427
2024-04-13 11:59:38,620 Epoch: [3/484] Iter:[270/495], Time: 0.95, lr: [0.01], Loss: 3.759999, Acc:0.771790, Semantic loss: 1.040457, BCE loss: 0.598961, SB loss: 1.120344, GIOU loss: 1.000237, CONF loss: 0.693410
2024-04-13 11:59:46,708 Epoch: [3/484] Iter:[280/495], Time: 0.95, lr: [0.01], Loss: 3.762813, Acc:0.771460, Semantic loss: 1.042319, BCE loss: 0.599636, SB loss: 1.120620, GIOU loss: 1.000237, CONF loss: 0.693410
2024-04-13 11:59:56,145 Epoch: [3/484] Iter:[290/495], Time: 0.95, lr: [0.01], Loss: 3.765351, Acc:0.771569, Semantic loss: 1.043510, BCE loss: 0.599786, SB loss: 1.121817, GIOU loss: 1.000237, CONF loss: 0.693391
2024-04-13 12:00:05,957 Epoch: [3/484] Iter:[300/495], Time: 0.95, lr: [0.01], Loss: 3.762483, Acc:0.772126, Semantic loss: 1.041773, BCE loss: 0.601350, SB loss: 1.119123, GIOU loss: 1.000237, CONF loss: 0.693389
2024-04-13 12:00:14,339 Epoch: [3/484] Iter:[310/495], Time: 0.95, lr: [0.01], Loss: 3.754792, Acc:0.771981, Semantic loss: 1.038648, BCE loss: 0.600359, SB loss: 1.115547, GIOU loss: 1.000237, CONF loss: 0.693384
2024-04-13 12:00:24,270 Epoch: [3/484] Iter:[320/495], Time: 0.95, lr: [0.01], Loss: 3.755520, Acc:0.771847, Semantic loss: 1.039273, BCE loss: 0.600295, SB loss: 1.115714, GIOU loss: 1.000238, CONF loss: 0.693380
2024-04-13 12:00:34,852 Epoch: [3/484] Iter:[330/495], Time: 0.95, lr: [0.01], Loss: 3.754807, Acc:0.772017, Semantic loss: 1.038764, BCE loss: 0.600334, SB loss: 1.115471, GIOU loss: 1.000237, CONF loss: 0.693381
2024-04-13 12:00:42,677 Epoch: [3/484] Iter:[340/495], Time: 0.95, lr: [0.01], Loss: 3.755171, Acc:0.771610, Semantic loss: 1.040232, BCE loss: 0.599338, SB loss: 1.115364, GIOU loss: 1.000237, CONF loss: 0.693388
2024-04-13 12:00:52,170 Epoch: [3/484] Iter:[350/495], Time: 0.95, lr: [0.01], Loss: 3.748244, Acc:0.771885, Semantic loss: 1.035919, BCE loss: 0.598573, SB loss: 1.113514, GIOU loss: 1.000237, CONF loss: 0.693370
2024-04-13 12:01:02,381 Epoch: [3/484] Iter:[360/495], Time: 0.95, lr: [0.01], Loss: 3.751583, Acc:0.771493, Semantic loss: 1.038488, BCE loss: 0.599352, SB loss: 1.113507, GIOU loss: 1.000235, CONF loss: 0.693372
2024-04-13 12:01:10,252 Epoch: [3/484] Iter:[370/495], Time: 0.94, lr: [0.01], Loss: 3.748272, Acc:0.771547, Semantic loss: 1.035905, BCE loss: 0.599313, SB loss: 1.112818, GIOU loss: 1.000234, CONF loss: 0.693376
2024-04-13 12:01:21,162 Epoch: [3/484] Iter:[380/495], Time: 0.95, lr: [0.01], Loss: 3.748084, Acc:0.771669, Semantic loss: 1.036237, BCE loss: 0.599368, SB loss: 1.112244, GIOU loss: 1.000235, CONF loss: 0.693376
2024-04-13 12:01:32,360 Epoch: [3/484] Iter:[390/495], Time: 0.95, lr: [0.01], Loss: 3.744317, Acc:0.772165, Semantic loss: 1.035331, BCE loss: 0.598330, SB loss: 1.110420, GIOU loss: 1.000235, CONF loss: 0.693376
2024-04-13 12:01:39,373 Epoch: [3/484] Iter:[400/495], Time: 0.95, lr: [0.01], Loss: 3.740968, Acc:0.772268, Semantic loss: 1.034513, BCE loss: 0.596835, SB loss: 1.109384, GIOU loss: 1.000236, CONF loss: 0.693376
2024-04-13 12:01:49,475 Epoch: [3/484] Iter:[410/495], Time: 0.95, lr: [0.01], Loss: 3.740555, Acc:0.772461, Semantic loss: 1.035340, BCE loss: 0.596368, SB loss: 1.108611, GIOU loss: 1.000235, CONF loss: 0.693351
2024-04-13 12:01:58,965 Epoch: [3/484] Iter:[420/495], Time: 0.95, lr: [0.01], Loss: 3.742554, Acc:0.772421, Semantic loss: 1.036288, BCE loss: 0.597416, SB loss: 1.108615, GIOU loss: 1.000234, CONF loss: 0.693358
2024-04-13 12:02:06,961 Epoch: [3/484] Iter:[430/495], Time: 0.94, lr: [0.01], Loss: 3.740429, Acc:0.772619, Semantic loss: 1.035287, BCE loss: 0.597285, SB loss: 1.107622, GIOU loss: 1.000234, CONF loss: 0.693355
2024-04-13 12:02:16,492 Epoch: [3/484] Iter:[440/495], Time: 0.94, lr: [0.01], Loss: 3.739756, Acc:0.772631, Semantic loss: 1.034386, BCE loss: 0.597723, SB loss: 1.107412, GIOU loss: 1.000234, CONF loss: 0.693371
2024-04-13 12:02:26,924 Epoch: [3/484] Iter:[450/495], Time: 0.95, lr: [0.01], Loss: 3.744541, Acc:0.772273, Semantic loss: 1.038252, BCE loss: 0.597662, SB loss: 1.108394, GIOU loss: 1.000234, CONF loss: 0.693369
2024-04-13 12:02:33,740 Epoch: [3/484] Iter:[460/495], Time: 0.94, lr: [0.01], Loss: 3.748887, Acc:0.771905, Semantic loss: 1.039698, BCE loss: 0.598386, SB loss: 1.110568, GIOU loss: 1.000233, CONF loss: 0.693357
2024-04-13 12:02:43,400 Epoch: [3/484] Iter:[470/495], Time: 0.94, lr: [0.01], Loss: 3.748236, Acc:0.772099, Semantic loss: 1.039537, BCE loss: 0.598062, SB loss: 1.110404, GIOU loss: 1.000233, CONF loss: 0.693364
2024-04-13 12:02:52,527 Epoch: [3/484] Iter:[480/495], Time: 0.94, lr: [0.01], Loss: 3.751238, Acc:0.772150, Semantic loss: 1.041752, BCE loss: 0.597821, SB loss: 1.111430, GIOU loss: 1.000232, CONF loss: 0.693358
2024-04-13 12:03:00,389 Epoch: [3/484] Iter:[490/495], Time: 0.94, lr: [0.01], Loss: 3.750581, Acc:0.772340, Semantic loss: 1.041522, BCE loss: 0.598076, SB loss: 1.110749, GIOU loss: 1.000234, CONF loss: 0.693358
2024-04-13 12:07:52,420 0 [0.43413137 0.         0.         0.         0.         0.
 0.         0.         0.         0.         0.         0.
 0.         0.         0.         0.         0.         0.
 0.        ] 0.02284901930156507
2024-04-13 12:07:52,420 1 [0.44645924 0.         0.         0.         0.         0.
 0.         0.         0.         0.         0.         0.
 0.         0.         0.         0.         0.         0.
 0.        ] 0.023497854935495475
2024-04-13 12:07:52,433 => saving checkpoint to output/cityscapes/pidnet_small_cityscapescheckpoint.pth.tar
2024-04-13 12:07:53,739 Loss: 12.507, MeanIU:  0.0235, Best_mIoU:  0.0235
2024-04-13 12:08:00,808 Epoch: [4/484] Iter:[0/495], Time: 6.94, lr: [0.01], Loss: 3.839148, Acc:0.785287, Semantic loss: 1.173479, BCE loss: 0.516914, SB loss: 1.148472, GIOU loss: 1.000282, CONF loss: 0.691744
2024-04-13 12:08:08,960 Epoch: [4/484] Iter:[10/495], Time: 1.37, lr: [0.01], Loss: 3.729598, Acc:0.777165, Semantic loss: 1.056128, BCE loss: 0.571475, SB loss: 1.101726, GIOU loss: 1.000268, CONF loss: 0.693797
2024-04-13 12:08:19,142 Epoch: [4/484] Iter:[20/495], Time: 1.20, lr: [0.01], Loss: 3.773519, Acc:0.765916, Semantic loss: 1.069098, BCE loss: 0.587560, SB loss: 1.116608, GIOU loss: 1.000252, CONF loss: 0.693682
2024-04-13 12:08:28,190 Epoch: [4/484] Iter:[30/495], Time: 1.11, lr: [0.01], Loss: 3.766734, Acc:0.768986, Semantic loss: 1.059717, BCE loss: 0.587950, SB loss: 1.118822, GIOU loss: 1.000245, CONF loss: 0.693653
2024-04-13 12:08:36,823 Epoch: [4/484] Iter:[40/495], Time: 1.05, lr: [0.01], Loss: 3.702011, Acc:0.774726, Semantic loss: 1.023954, BCE loss: 0.580034, SB loss: 1.097777, GIOU loss: 1.000245, CONF loss: 0.692780
2024-04-13 12:08:46,939 Epoch: [4/484] Iter:[50/495], Time: 1.04, lr: [0.01], Loss: 3.720739, Acc:0.772039, Semantic loss: 1.030813, BCE loss: 0.587594, SB loss: 1.102088, GIOU loss: 1.000243, CONF loss: 0.693118
2024-04-13 12:08:57,297 Epoch: [4/484] Iter:[60/495], Time: 1.04, lr: [0.01], Loss: 3.717039, Acc:0.774034, Semantic loss: 1.030243, BCE loss: 0.583046, SB loss: 1.103507, GIOU loss: 1.000243, CONF loss: 0.693254
2024-04-13 12:09:04,879 Epoch: [4/484] Iter:[70/495], Time: 1.00, lr: [0.01], Loss: 3.732447, Acc:0.772851, Semantic loss: 1.041294, BCE loss: 0.585866, SB loss: 1.105046, GIOU loss: 1.000241, CONF loss: 0.693172
2024-04-13 12:09:14,496 Epoch: [4/484] Iter:[80/495], Time: 1.00, lr: [0.01], Loss: 3.719695, Acc:0.772274, Semantic loss: 1.030734, BCE loss: 0.586300, SB loss: 1.102421, GIOU loss: 1.000240, CONF loss: 0.693214
2024-04-13 12:09:24,340 Epoch: [4/484] Iter:[90/495], Time: 0.99, lr: [0.01], Loss: 3.703448, Acc:0.774888, Semantic loss: 1.020347, BCE loss: 0.584204, SB loss: 1.098656, GIOU loss: 1.000239, CONF loss: 0.693226
2024-04-13 12:09:32,537 Epoch: [4/484] Iter:[100/495], Time: 0.98, lr: [0.01], Loss: 3.705634, Acc:0.775465, Semantic loss: 1.027475, BCE loss: 0.583378, SB loss: 1.094540, GIOU loss: 1.000241, CONF loss: 0.693270
2024-04-13 12:09:42,977 Epoch: [4/484] Iter:[110/495], Time: 0.98, lr: [0.01], Loss: 3.710707, Acc:0.775914, Semantic loss: 1.029008, BCE loss: 0.585110, SB loss: 1.096347, GIOU loss: 1.000242, CONF loss: 0.693248
2024-04-13 12:09:51,463 Epoch: [4/484] Iter:[120/495], Time: 0.97, lr: [0.01], Loss: 3.727493, Acc:0.773649, Semantic loss: 1.033662, BCE loss: 0.590817, SB loss: 1.102770, GIOU loss: 1.000244, CONF loss: 0.693315
2024-04-13 12:09:59,603 Epoch: [4/484] Iter:[130/495], Time: 0.96, lr: [0.01], Loss: 3.719732, Acc:0.774308, Semantic loss: 1.030354, BCE loss: 0.591247, SB loss: 1.097887, GIOU loss: 1.000244, CONF loss: 0.693322
2024-04-13 12:10:08,010 Epoch: [4/484] Iter:[140/495], Time: 0.95, lr: [0.01], Loss: 3.715121, Acc:0.775290, Semantic loss: 1.032252, BCE loss: 0.587731, SB loss: 1.094894, GIOU loss: 1.000243, CONF loss: 0.693288
2024-04-13 12:10:17,028 Epoch: [4/484] Iter:[150/495], Time: 0.95, lr: [0.01], Loss: 3.712977, Acc:0.775452, Semantic loss: 1.033479, BCE loss: 0.586065, SB loss: 1.093190, GIOU loss: 1.000243, CONF loss: 0.693301
2024-04-13 12:10:25,260 Epoch: [4/484] Iter:[160/495], Time: 0.94, lr: [0.01], Loss: 3.723561, Acc:0.774265, Semantic loss: 1.039996, BCE loss: 0.588576, SB loss: 1.094746, GIOU loss: 1.000243, CONF loss: 0.693298
2024-04-13 12:10:35,493 Epoch: [4/484] Iter:[170/495], Time: 0.95, lr: [0.01], Loss: 3.722348, Acc:0.774807, Semantic loss: 1.038108, BCE loss: 0.588714, SB loss: 1.095282, GIOU loss: 1.000243, CONF loss: 0.693310
2024-04-13 12:10:44,642 Epoch: [4/484] Iter:[180/495], Time: 0.94, lr: [0.01], Loss: 3.718523, Acc:0.775856, Semantic loss: 1.033580, BCE loss: 0.590034, SB loss: 1.094665, GIOU loss: 1.000243, CONF loss: 0.693262
2024-04-13 12:10:52,506 Epoch: [4/484] Iter:[190/495], Time: 0.94, lr: [0.01], Loss: 3.713362, Acc:0.776397, Semantic loss: 1.031244, BCE loss: 0.588478, SB loss: 1.093397, GIOU loss: 1.000243, CONF loss: 0.693256
2024-04-13 12:11:02,343 Epoch: [4/484] Iter:[200/495], Time: 0.94, lr: [0.01], Loss: 3.711540, Acc:0.777053, Semantic loss: 1.032362, BCE loss: 0.587086, SB loss: 1.091847, GIOU loss: 1.000244, CONF loss: 0.693289
2024-04-13 12:11:11,538 Epoch: [4/484] Iter:[210/495], Time: 0.94, lr: [0.01], Loss: 3.709049, Acc:0.777429, Semantic loss: 1.029388, BCE loss: 0.589448, SB loss: 1.089968, GIOU loss: 1.000245, CONF loss: 0.693248
2024-04-13 12:11:20,317 Epoch: [4/484] Iter:[220/495], Time: 0.93, lr: [0.01], Loss: 3.705606, Acc:0.777781, Semantic loss: 1.029033, BCE loss: 0.589018, SB loss: 1.087309, GIOU loss: 1.000245, CONF loss: 0.693285
2024-04-13 12:11:29,921 Epoch: [4/484] Iter:[230/495], Time: 0.94, lr: [0.01], Loss: 3.707439, Acc:0.777972, Semantic loss: 1.029558, BCE loss: 0.588999, SB loss: 1.088635, GIOU loss: 1.000246, CONF loss: 0.693281
2024-04-13 12:11:39,551 Epoch: [4/484] Iter:[240/495], Time: 0.94, lr: [0.01], Loss: 3.705381, Acc:0.777357, Semantic loss: 1.028286, BCE loss: 0.588879, SB loss: 1.087969, GIOU loss: 1.000247, CONF loss: 0.693276
2024-04-13 12:11:47,330 Epoch: [4/484] Iter:[250/495], Time: 0.93, lr: [0.01], Loss: 3.701905, Acc:0.777681, Semantic loss: 1.026389, BCE loss: 0.588512, SB loss: 1.086757, GIOU loss: 1.000247, CONF loss: 0.693276
2024-04-13 12:11:57,481 Epoch: [4/484] Iter:[260/495], Time: 0.93, lr: [0.01], Loss: 3.703374, Acc:0.777122, Semantic loss: 1.028165, BCE loss: 0.587986, SB loss: 1.086976, GIOU loss: 1.000246, CONF loss: 0.693298
2024-04-13 12:12:06,707 Epoch: [4/484] Iter:[270/495], Time: 0.93, lr: [0.01], Loss: 3.695682, Acc:0.777751, Semantic loss: 1.022706, BCE loss: 0.586689, SB loss: 1.086041, GIOU loss: 1.000246, CONF loss: 0.693247
2024-04-13 12:12:14,308 Epoch: [4/484] Iter:[280/495], Time: 0.93, lr: [0.01], Loss: 3.697173, Acc:0.777758, Semantic loss: 1.024893, BCE loss: 0.586864, SB loss: 1.085169, GIOU loss: 1.000247, CONF loss: 0.693250
2024-04-13 12:12:24,129 Epoch: [4/484] Iter:[290/495], Time: 0.93, lr: [0.01], Loss: 3.704948, Acc:0.777300, Semantic loss: 1.029045, BCE loss: 0.588492, SB loss: 1.087165, GIOU loss: 1.000246, CONF loss: 0.693232
2024-04-13 12:12:33,691 Epoch: [4/484] Iter:[300/495], Time: 0.93, lr: [0.01], Loss: 3.704659, Acc:0.776931, Semantic loss: 1.028983, BCE loss: 0.588719, SB loss: 1.086709, GIOU loss: 1.000247, CONF loss: 0.693208
2024-04-13 12:12:40,758 Epoch: [4/484] Iter:[310/495], Time: 0.92, lr: [0.01], Loss: 3.706875, Acc:0.776454, Semantic loss: 1.031096, BCE loss: 0.588683, SB loss: 1.086850, GIOU loss: 1.000246, CONF loss: 0.693216
2024-04-13 12:12:51,927 Epoch: [4/484] Iter:[320/495], Time: 0.93, lr: [0.01], Loss: 3.703167, Acc:0.777000, Semantic loss: 1.029535, BCE loss: 0.586538, SB loss: 1.086846, GIOU loss: 1.000246, CONF loss: 0.693201
2024-04-13 12:13:01,462 Epoch: [4/484] Iter:[330/495], Time: 0.93, lr: [0.01], Loss: 3.707979, Acc:0.776732, Semantic loss: 1.031572, BCE loss: 0.588037, SB loss: 1.088124, GIOU loss: 1.000245, CONF loss: 0.693222
2024-04-13 12:13:09,696 Epoch: [4/484] Iter:[340/495], Time: 0.93, lr: [0.01], Loss: 3.710302, Acc:0.776506, Semantic loss: 1.033515, BCE loss: 0.588341, SB loss: 1.088201, GIOU loss: 1.000245, CONF loss: 0.693272
2024-04-13 12:13:19,648 Epoch: [4/484] Iter:[350/495], Time: 0.93, lr: [0.01], Loss: 3.708093, Acc:0.776638, Semantic loss: 1.031050, BCE loss: 0.589237, SB loss: 1.087560, GIOU loss: 1.000246, CONF loss: 0.693273
2024-04-13 12:13:28,509 Epoch: [4/484] Iter:[360/495], Time: 0.93, lr: [0.01], Loss: 3.706764, Acc:0.776661, Semantic loss: 1.030133, BCE loss: 0.588800, SB loss: 1.087585, GIOU loss: 1.000245, CONF loss: 0.693274
2024-04-13 12:13:37,827 Epoch: [4/484] Iter:[370/495], Time: 0.93, lr: [0.01], Loss: 3.708405, Acc:0.776937, Semantic loss: 1.031343, BCE loss: 0.588506, SB loss: 1.088309, GIOU loss: 1.000245, CONF loss: 0.693277
2024-04-13 12:13:48,294 Epoch: [4/484] Iter:[380/495], Time: 0.93, lr: [0.01], Loss: 3.709944, Acc:0.777006, Semantic loss: 1.032119, BCE loss: 0.587784, SB loss: 1.089795, GIOU loss: 1.000245, CONF loss: 0.693278
2024-04-13 12:13:57,666 Epoch: [4/484] Iter:[390/495], Time: 0.93, lr: [0.01], Loss: 3.706946, Acc:0.777260, Semantic loss: 1.029774, BCE loss: 0.587588, SB loss: 1.089339, GIOU loss: 1.000245, CONF loss: 0.693269
2024-04-13 12:14:06,162 Epoch: [4/484] Iter:[400/495], Time: 0.93, lr: [0.01], Loss: 3.701737, Acc:0.777924, Semantic loss: 1.027726, BCE loss: 0.586115, SB loss: 1.087650, GIOU loss: 1.000245, CONF loss: 0.693276
2024-04-13 12:14:16,119 Epoch: [4/484] Iter:[410/495], Time: 0.93, lr: [0.01], Loss: 3.703779, Acc:0.777313, Semantic loss: 1.029820, BCE loss: 0.585492, SB loss: 1.088222, GIOU loss: 1.000244, CONF loss: 0.693270
2024-04-13 12:14:25,566 Epoch: [4/484] Iter:[420/495], Time: 0.93, lr: [0.01], Loss: 3.704670, Acc:0.777062, Semantic loss: 1.029433, BCE loss: 0.585917, SB loss: 1.089074, GIOU loss: 1.000245, CONF loss: 0.693290
2024-04-13 12:14:33,582 Epoch: [4/484] Iter:[430/495], Time: 0.93, lr: [0.01], Loss: 3.708293, Acc:0.776659, Semantic loss: 1.031763, BCE loss: 0.586945, SB loss: 1.089338, GIOU loss: 1.000246, CONF loss: 0.693268
2024-04-13 12:14:43,464 Epoch: [4/484] Iter:[440/495], Time: 0.93, lr: [0.01], Loss: 3.709221, Acc:0.776377, Semantic loss: 1.031864, BCE loss: 0.587949, SB loss: 1.089161, GIOU loss: 1.000246, CONF loss: 0.693273
2024-04-13 12:14:52,034 Epoch: [4/484] Iter:[450/495], Time: 0.93, lr: [0.01], Loss: 3.707167, Acc:0.776305, Semantic loss: 1.030321, BCE loss: 0.588416, SB loss: 1.088184, GIOU loss: 1.000247, CONF loss: 0.693262
2024-04-13 12:15:00,271 Epoch: [4/484] Iter:[460/495], Time: 0.92, lr: [0.01], Loss: 3.705747, Acc:0.776592, Semantic loss: 1.029476, BCE loss: 0.588210, SB loss: 1.087814, GIOU loss: 1.000247, CONF loss: 0.693270
2024-04-13 12:15:09,500 Epoch: [4/484] Iter:[470/495], Time: 0.92, lr: [0.01], Loss: 3.706475, Acc:0.776282, Semantic loss: 1.029656, BCE loss: 0.588779, SB loss: 1.087793, GIOU loss: 1.000246, CONF loss: 0.693260
2024-04-13 12:15:19,534 Epoch: [4/484] Iter:[480/495], Time: 0.93, lr: [0.01], Loss: 3.704784, Acc:0.776483, Semantic loss: 1.028151, BCE loss: 0.588929, SB loss: 1.087457, GIOU loss: 1.000247, CONF loss: 0.693263
2024-04-13 12:15:26,585 Epoch: [4/484] Iter:[490/495], Time: 0.92, lr: [0.01], Loss: 3.705116, Acc:0.776845, Semantic loss: 1.028023, BCE loss: 0.588855, SB loss: 1.087992, GIOU loss: 1.000246, CONF loss: 0.693270
2024-04-13 12:20:20,493 0 [0.4210911 0.        0.        0.        0.        0.        0.
 0.        0.        0.        0.        0.        0.        0.
 0.        0.        0.        0.        0.       ] 0.022162689309371143
2024-04-13 12:20:20,494 1 [0.40800427 0.         0.         0.         0.         0.
 0.         0.         0.         0.         0.         0.
 0.         0.         0.         0.         0.         0.
 0.        ] 0.02147390912708483
2024-04-13 12:20:20,513 => saving checkpoint to output/cityscapes/pidnet_small_cityscapescheckpoint.pth.tar
2024-04-13 12:20:21,471 Loss: 11.381, MeanIU:  0.0215, Best_mIoU:  0.0235
2024-04-13 12:20:26,898 Epoch: [5/484] Iter:[0/495], Time: 5.30, lr: [0.01], Loss: 3.818673, Acc:0.764942, Semantic loss: 1.094200, BCE loss: 0.598199, SB loss: 1.126067, GIOU loss: 1.000205, CONF loss: 0.692986
2024-04-13 12:20:35,301 Epoch: [5/484] Iter:[10/495], Time: 1.25, lr: [0.01], Loss: 3.633091, Acc:0.778590, Semantic loss: 0.957126, BCE loss: 0.593604, SB loss: 1.082136, GIOU loss: 1.000224, CONF loss: 0.693299
2024-04-13 12:20:45,017 Epoch: [5/484] Iter:[20/495], Time: 1.12, lr: [0.01], Loss: 3.687698, Acc:0.781114, Semantic loss: 1.014957, BCE loss: 0.590571, SB loss: 1.081920, GIOU loss: 1.000249, CONF loss: 0.693660
2024-04-13 12:20:54,393 Epoch: [5/484] Iter:[30/495], Time: 1.06, lr: [0.01], Loss: 3.669087, Acc:0.782775, Semantic loss: 1.014425, BCE loss: 0.575274, SB loss: 1.079132, GIOU loss: 1.000255, CONF loss: 0.693445
2024-04-13 12:21:03,839 Epoch: [5/484] Iter:[40/495], Time: 1.03, lr: [0.01], Loss: 3.679512, Acc:0.782638, Semantic loss: 1.019822, BCE loss: 0.585388, SB loss: 1.074044, GIOU loss: 1.000257, CONF loss: 0.693399
2024-04-13 12:21:12,684 Epoch: [5/484] Iter:[50/495], Time: 1.00, lr: [0.01], Loss: 3.681238, Acc:0.778351, Semantic loss: 1.005916, BCE loss: 0.588327, SB loss: 1.086739, GIOU loss: 1.000255, CONF loss: 0.693392
2024-04-13 12:21:21,644 Epoch: [5/484] Iter:[60/495], Time: 0.98, lr: [0.01], Loss: 3.677509, Acc:0.780712, Semantic loss: 1.012741, BCE loss: 0.581520, SB loss: 1.082996, GIOU loss: 1.000251, CONF loss: 0.693514
2024-04-13 12:21:33,854 Epoch: [5/484] Iter:[70/495], Time: 1.02, lr: [0.01], Loss: 3.671297, Acc:0.781228, Semantic loss: 1.010683, BCE loss: 0.577884, SB loss: 1.082480, GIOU loss: 1.000250, CONF loss: 0.693453
2024-04-13 12:21:41,962 Epoch: [5/484] Iter:[80/495], Time: 0.99, lr: [0.01], Loss: 3.667999, Acc:0.781918, Semantic loss: 1.011421, BCE loss: 0.574421, SB loss: 1.081906, GIOU loss: 1.000250, CONF loss: 0.693532
2024-04-13 12:21:51,809 Epoch: [5/484] Iter:[90/495], Time: 0.99, lr: [0.01], Loss: 3.692477, Acc:0.779703, Semantic loss: 1.024409, BCE loss: 0.577981, SB loss: 1.089837, GIOU loss: 1.000248, CONF loss: 0.693403
2024-04-13 12:22:01,447 Epoch: [5/484] Iter:[100/495], Time: 0.99, lr: [0.01], Loss: 3.693530, Acc:0.778622, Semantic loss: 1.025753, BCE loss: 0.579266, SB loss: 1.088259, GIOU loss: 1.000250, CONF loss: 0.693501
2024-04-13 12:22:08,399 Epoch: [5/484] Iter:[110/495], Time: 0.96, lr: [0.01], Loss: 3.683407, Acc:0.779534, Semantic loss: 1.016053, BCE loss: 0.579760, SB loss: 1.087343, GIOU loss: 1.000251, CONF loss: 0.693502
2024-04-13 12:22:17,518 Epoch: [5/484] Iter:[120/495], Time: 0.96, lr: [0.01], Loss: 3.677329, Acc:0.781343, Semantic loss: 1.015719, BCE loss: 0.577183, SB loss: 1.084176, GIOU loss: 1.000249, CONF loss: 0.693457
2024-04-13 12:22:26,682 Epoch: [5/484] Iter:[130/495], Time: 0.95, lr: [0.01], Loss: 3.668071, Acc:0.782602, Semantic loss: 1.013024, BCE loss: 0.575614, SB loss: 1.079184, GIOU loss: 1.000248, CONF loss: 0.693330
2024-04-13 12:22:35,050 Epoch: [5/484] Iter:[140/495], Time: 0.95, lr: [0.01], Loss: 3.668297, Acc:0.781741, Semantic loss: 1.013144, BCE loss: 0.575726, SB loss: 1.079177, GIOU loss: 1.000248, CONF loss: 0.693466
2024-04-13 12:22:43,656 Epoch: [5/484] Iter:[150/495], Time: 0.94, lr: [0.01], Loss: 3.667330, Acc:0.782553, Semantic loss: 1.010219, BCE loss: 0.576732, SB loss: 1.080129, GIOU loss: 1.000249, CONF loss: 0.693455
2024-04-13 12:22:54,491 Epoch: [5/484] Iter:[160/495], Time: 0.95, lr: [0.01], Loss: 3.664064, Acc:0.783816, Semantic loss: 1.011865, BCE loss: 0.575148, SB loss: 1.076801, GIOU loss: 1.000249, CONF loss: 0.693372
2024-04-13 12:23:01,989 Epoch: [5/484] Iter:[170/495], Time: 0.94, lr: [0.01], Loss: 3.670081, Acc:0.782789, Semantic loss: 1.014431, BCE loss: 0.577051, SB loss: 1.078353, GIOU loss: 1.000246, CONF loss: 0.693415
2024-04-13 12:23:11,690 Epoch: [5/484] Iter:[180/495], Time: 0.94, lr: [0.01], Loss: 3.665938, Acc:0.782343, Semantic loss: 1.011155, BCE loss: 0.576598, SB loss: 1.077942, GIOU loss: 1.000243, CONF loss: 0.693411
2024-04-13 12:23:21,755 Epoch: [5/484] Iter:[190/495], Time: 0.94, lr: [0.01], Loss: 3.668349, Acc:0.781864, Semantic loss: 1.014839, BCE loss: 0.575657, SB loss: 1.077611, GIOU loss: 1.000240, CONF loss: 0.693405
2024-04-13 12:23:29,467 Epoch: [5/484] Iter:[200/495], Time: 0.93, lr: [0.01], Loss: 3.667017, Acc:0.781846, Semantic loss: 1.013979, BCE loss: 0.576546, SB loss: 1.076253, GIOU loss: 1.000239, CONF loss: 0.693276
2024-04-13 12:23:39,371 Epoch: [5/484] Iter:[210/495], Time: 0.94, lr: [0.01], Loss: 3.675459, Acc:0.781838, Semantic loss: 1.017660, BCE loss: 0.578919, SB loss: 1.078642, GIOU loss: 1.000238, CONF loss: 0.693305
2024-04-13 12:23:49,896 Epoch: [5/484] Iter:[220/495], Time: 0.94, lr: [0.01], Loss: 3.670443, Acc:0.782640, Semantic loss: 1.016311, BCE loss: 0.578717, SB loss: 1.075178, GIOU loss: 1.000236, CONF loss: 0.693308
2024-04-13 12:23:57,273 Epoch: [5/484] Iter:[230/495], Time: 0.93, lr: [0.01], Loss: 3.678184, Acc:0.782336, Semantic loss: 1.021110, BCE loss: 0.581082, SB loss: 1.075757, GIOU loss: 1.000235, CONF loss: 0.693304
2024-04-13 12:24:07,557 Epoch: [5/484] Iter:[240/495], Time: 0.94, lr: [0.01], Loss: 3.678648, Acc:0.781525, Semantic loss: 1.019946, BCE loss: 0.583241, SB loss: 1.075226, GIOU loss: 1.000234, CONF loss: 0.693285
2024-04-13 12:24:16,805 Epoch: [5/484] Iter:[250/495], Time: 0.94, lr: [0.01], Loss: 3.679930, Acc:0.780956, Semantic loss: 1.021577, BCE loss: 0.583169, SB loss: 1.074951, GIOU loss: 1.000233, CONF loss: 0.693271
2024-04-13 12:24:24,919 Epoch: [5/484] Iter:[260/495], Time: 0.93, lr: [0.01], Loss: 3.681020, Acc:0.780621, Semantic loss: 1.020103, BCE loss: 0.583917, SB loss: 1.076765, GIOU loss: 1.000233, CONF loss: 0.693271
2024-04-13 12:24:34,660 Epoch: [5/484] Iter:[270/495], Time: 0.93, lr: [0.01], Loss: 3.684819, Acc:0.780433, Semantic loss: 1.022429, BCE loss: 0.585212, SB loss: 1.076944, GIOU loss: 1.000233, CONF loss: 0.693266
2024-04-13 12:24:44,455 Epoch: [5/484] Iter:[280/495], Time: 0.94, lr: [0.01], Loss: 3.686757, Acc:0.780428, Semantic loss: 1.022050, BCE loss: 0.586645, SB loss: 1.077829, GIOU loss: 1.000233, CONF loss: 0.693267
2024-04-13 12:24:52,243 Epoch: [5/484] Iter:[290/495], Time: 0.93, lr: [0.01], Loss: 3.689948, Acc:0.780316, Semantic loss: 1.024950, BCE loss: 0.586031, SB loss: 1.078734, GIOU loss: 1.000232, CONF loss: 0.693267
2024-04-13 12:25:02,464 Epoch: [5/484] Iter:[300/495], Time: 0.93, lr: [0.01], Loss: 3.692860, Acc:0.779670, Semantic loss: 1.027139, BCE loss: 0.585230, SB loss: 1.080258, GIOU loss: 1.000232, CONF loss: 0.693268
2024-04-13 12:25:12,713 Epoch: [5/484] Iter:[310/495], Time: 0.94, lr: [0.01], Loss: 3.691639, Acc:0.779224, Semantic loss: 1.025052, BCE loss: 0.585687, SB loss: 1.080669, GIOU loss: 1.000231, CONF loss: 0.693266
2024-04-13 12:25:20,326 Epoch: [5/484] Iter:[320/495], Time: 0.93, lr: [0.01], Loss: 3.694546, Acc:0.778929, Semantic loss: 1.026918, BCE loss: 0.586264, SB loss: 1.081132, GIOU loss: 1.000231, CONF loss: 0.693243
2024-04-13 12:25:30,163 Epoch: [5/484] Iter:[330/495], Time: 0.93, lr: [0.01], Loss: 3.691719, Acc:0.778909, Semantic loss: 1.025030, BCE loss: 0.586370, SB loss: 1.080087, GIOU loss: 1.000231, CONF loss: 0.693286
2024-04-13 12:25:39,881 Epoch: [5/484] Iter:[340/495], Time: 0.93, lr: [0.01], Loss: 3.696329, Acc:0.778962, Semantic loss: 1.027405, BCE loss: 0.586602, SB loss: 1.082091, GIOU loss: 1.000231, CONF loss: 0.693279
2024-04-13 12:25:47,425 Epoch: [5/484] Iter:[350/495], Time: 0.93, lr: [0.01], Loss: 3.693719, Acc:0.778968, Semantic loss: 1.025522, BCE loss: 0.587085, SB loss: 1.080881, GIOU loss: 1.000230, CONF loss: 0.693315
2024-04-13 12:25:57,302 Epoch: [5/484] Iter:[360/495], Time: 0.93, lr: [0.01], Loss: 3.693325, Acc:0.778923, Semantic loss: 1.024144, BCE loss: 0.588135, SB loss: 1.080815, GIOU loss: 1.000230, CONF loss: 0.693312
2024-04-13 12:26:06,780 Epoch: [5/484] Iter:[370/495], Time: 0.93, lr: [0.01], Loss: 3.693188, Acc:0.778867, Semantic loss: 1.024484, BCE loss: 0.587978, SB loss: 1.080495, GIOU loss: 1.000230, CONF loss: 0.693318
2024-04-13 12:26:14,405 Epoch: [5/484] Iter:[380/495], Time: 0.93, lr: [0.01], Loss: 3.695613, Acc:0.778644, Semantic loss: 1.026625, BCE loss: 0.587129, SB loss: 1.081628, GIOU loss: 1.000230, CONF loss: 0.693317
2024-04-13 12:26:24,906 Epoch: [5/484] Iter:[390/495], Time: 0.93, lr: [0.01], Loss: 3.691328, Acc:0.779169, Semantic loss: 1.024776, BCE loss: 0.585957, SB loss: 1.080363, GIOU loss: 1.000231, CONF loss: 0.693312
2024-04-13 12:26:34,317 Epoch: [5/484] Iter:[400/495], Time: 0.93, lr: [0.01], Loss: 3.695404, Acc:0.779059, Semantic loss: 1.026612, BCE loss: 0.586709, SB loss: 1.081852, GIOU loss: 1.000231, CONF loss: 0.693317
2024-04-13 12:26:42,368 Epoch: [5/484] Iter:[410/495], Time: 0.93, lr: [0.01], Loss: 3.697945, Acc:0.778609, Semantic loss: 1.026159, BCE loss: 0.588724, SB loss: 1.082831, GIOU loss: 1.000231, CONF loss: 0.693341
2024-04-13 12:26:51,756 Epoch: [5/484] Iter:[420/495], Time: 0.93, lr: [0.01], Loss: 3.694772, Acc:0.778988, Semantic loss: 1.024611, BCE loss: 0.588455, SB loss: 1.081474, GIOU loss: 1.000231, CONF loss: 0.693351
2024-04-13 12:27:00,995 Epoch: [5/484] Iter:[430/495], Time: 0.93, lr: [0.01], Loss: 3.700301, Acc:0.778748, Semantic loss: 1.027990, BCE loss: 0.589102, SB loss: 1.082976, GIOU loss: 1.000231, CONF loss: 0.693366
2024-04-13 12:27:09,384 Epoch: [5/484] Iter:[440/495], Time: 0.92, lr: [0.01], Loss: 3.699089, Acc:0.778798, Semantic loss: 1.026718, BCE loss: 0.589584, SB loss: 1.082555, GIOU loss: 1.000233, CONF loss: 0.693357
2024-04-13 12:27:18,547 Epoch: [5/484] Iter:[450/495], Time: 0.92, lr: [0.01], Loss: 3.698297, Acc:0.778884, Semantic loss: 1.026614, BCE loss: 0.589084, SB loss: 1.082366, GIOU loss: 1.000233, CONF loss: 0.693361
2024-04-13 12:27:28,162 Epoch: [5/484] Iter:[460/495], Time: 0.93, lr: [0.01], Loss: 3.695436, Acc:0.778940, Semantic loss: 1.025570, BCE loss: 0.588577, SB loss: 1.081056, GIOU loss: 1.000233, CONF loss: 0.693332
2024-04-13 12:27:35,935 Epoch: [5/484] Iter:[470/495], Time: 0.92, lr: [0.01], Loss: 3.694270, Acc:0.778719, Semantic loss: 1.024909, BCE loss: 0.588706, SB loss: 1.080421, GIOU loss: 1.000233, CONF loss: 0.693335
2024-04-13 12:27:45,931 Epoch: [5/484] Iter:[480/495], Time: 0.92, lr: [0.01], Loss: 3.695557, Acc:0.778773, Semantic loss: 1.025095, BCE loss: 0.589095, SB loss: 1.081133, GIOU loss: 1.000233, CONF loss: 0.693318
2024-04-13 12:27:55,125 Epoch: [5/484] Iter:[490/495], Time: 0.92, lr: [0.01], Loss: 3.693178, Acc:0.779110, Semantic loss: 1.024148, BCE loss: 0.588336, SB loss: 1.080459, GIOU loss: 1.000234, CONF loss: 0.693343
2024-04-13 12:32:41,611 0 [0.44369089 0.         0.         0.         0.         0.
 0.         0.         0.         0.         0.         0.
 0.         0.         0.         0.         0.         0.
 0.        ] 0.02335215197111431
2024-04-13 12:32:41,611 1 [0.44812193 0.         0.         0.         0.         0.
 0.         0.         0.         0.         0.         0.
 0.         0.         0.         0.         0.         0.
 0.        ] 0.023585364592702763
2024-04-13 12:32:41,622 => saving checkpoint to output/cityscapes/pidnet_small_cityscapescheckpoint.pth.tar
2024-04-13 12:32:42,863 Loss: 14.088, MeanIU:  0.0236, Best_mIoU:  0.0236
2024-04-13 12:32:49,832 Epoch: [6/484] Iter:[0/495], Time: 6.85, lr: [0.01], Loss: 3.528563, Acc:0.813162, Semantic loss: 0.920543, BCE loss: 0.573718, SB loss: 1.034017, GIOU loss: 1.000285, CONF loss: 0.697633
2024-04-13 12:32:57,003 Epoch: [6/484] Iter:[10/495], Time: 1.27, lr: [0.01], Loss: 3.745237, Acc:0.792269, Semantic loss: 1.046332, BCE loss: 0.583259, SB loss: 1.115406, GIOU loss: 1.000239, CONF loss: 0.692056
2024-04-13 12:33:06,190 Epoch: [6/484] Iter:[20/495], Time: 1.10, lr: [0.01], Loss: 3.625325, Acc:0.785439, Semantic loss: 0.979568, BCE loss: 0.580830, SB loss: 1.064691, GIOU loss: 1.000236, CONF loss: 0.692673
2024-04-13 12:33:15,046 Epoch: [6/484] Iter:[30/495], Time: 1.03, lr: [0.01], Loss: 3.690625, Acc:0.780286, Semantic loss: 1.021957, BCE loss: 0.581849, SB loss: 1.086580, GIOU loss: 1.000238, CONF loss: 0.692812
2024-04-13 12:33:23,029 Epoch: [6/484] Iter:[40/495], Time: 0.98, lr: [0.01], Loss: 3.712999, Acc:0.776983, Semantic loss: 1.035987, BCE loss: 0.587410, SB loss: 1.089363, GIOU loss: 1.000239, CONF loss: 0.692980
2024-04-13 12:33:34,000 Epoch: [6/484] Iter:[50/495], Time: 1.00, lr: [0.01], Loss: 3.686928, Acc:0.778332, Semantic loss: 1.020159, BCE loss: 0.581939, SB loss: 1.084592, GIOU loss: 1.000238, CONF loss: 0.693032
2024-04-13 12:33:42,447 Epoch: [6/484] Iter:[60/495], Time: 0.97, lr: [0.01], Loss: 3.674495, Acc:0.777943, Semantic loss: 1.013468, BCE loss: 0.584439, SB loss: 1.076347, GIOU loss: 1.000240, CONF loss: 0.693149
2024-04-13 12:33:51,968 Epoch: [6/484] Iter:[70/495], Time: 0.97, lr: [0.01], Loss: 3.670653, Acc:0.779284, Semantic loss: 1.008103, BCE loss: 0.590990, SB loss: 1.071321, GIOU loss: 1.000238, CONF loss: 0.693175
2024-04-13 12:34:02,161 Epoch: [6/484] Iter:[80/495], Time: 0.98, lr: [0.01], Loss: 3.675762, Acc:0.777958, Semantic loss: 1.010131, BCE loss: 0.595880, SB loss: 1.069513, GIOU loss: 1.000238, CONF loss: 0.693216
2024-04-13 12:34:09,883 Epoch: [6/484] Iter:[90/495], Time: 0.95, lr: [0.01], Loss: 3.674353, Acc:0.777580, Semantic loss: 1.011004, BCE loss: 0.596873, SB loss: 1.066238, GIOU loss: 1.000237, CONF loss: 0.693106
2024-04-13 12:34:19,007 Epoch: [6/484] Iter:[100/495], Time: 0.95, lr: [0.01], Loss: 3.665527, Acc:0.777716, Semantic loss: 1.005130, BCE loss: 0.598494, SB loss: 1.061664, GIOU loss: 1.000237, CONF loss: 0.693253
2024-04-13 12:34:29,602 Epoch: [6/484] Iter:[110/495], Time: 0.96, lr: [0.01], Loss: 3.657839, Acc:0.780003, Semantic loss: 1.005030, BCE loss: 0.595921, SB loss: 1.056650, GIOU loss: 1.000237, CONF loss: 0.693315
2024-04-13 12:34:38,003 Epoch: [6/484] Iter:[120/495], Time: 0.95, lr: [0.01], Loss: 3.663894, Acc:0.779440, Semantic loss: 1.008451, BCE loss: 0.596490, SB loss: 1.058715, GIOU loss: 1.000238, CONF loss: 0.693315
2024-04-13 12:34:47,224 Epoch: [6/484] Iter:[130/495], Time: 0.95, lr: [0.01], Loss: 3.658634, Acc:0.779372, Semantic loss: 1.005010, BCE loss: 0.595809, SB loss: 1.057578, GIOU loss: 1.000236, CONF loss: 0.693271
2024-04-13 12:34:57,553 Epoch: [6/484] Iter:[140/495], Time: 0.95, lr: [0.01], Loss: 3.658091, Acc:0.780186, Semantic loss: 1.004085, BCE loss: 0.594548, SB loss: 1.059221, GIOU loss: 1.000236, CONF loss: 0.693264
2024-04-13 12:35:05,291 Epoch: [6/484] Iter:[150/495], Time: 0.94, lr: [0.01], Loss: 3.659224, Acc:0.779547, Semantic loss: 1.003402, BCE loss: 0.595330, SB loss: 1.060256, GIOU loss: 1.000236, CONF loss: 0.693288
2024-04-13 12:35:14,951 Epoch: [6/484] Iter:[160/495], Time: 0.94, lr: [0.01], Loss: 3.668605, Acc:0.778744, Semantic loss: 1.011656, BCE loss: 0.594517, SB loss: 1.062196, GIOU loss: 1.000235, CONF loss: 0.693351
2024-04-13 12:35:24,786 Epoch: [6/484] Iter:[170/495], Time: 0.95, lr: [0.01], Loss: 3.666079, Acc:0.777868, Semantic loss: 1.011053, BCE loss: 0.592201, SB loss: 1.062589, GIOU loss: 1.000235, CONF loss: 0.693267
2024-04-13 12:35:34,413 Epoch: [6/484] Iter:[180/495], Time: 0.95, lr: [0.01], Loss: 3.666498, Acc:0.777978, Semantic loss: 1.011332, BCE loss: 0.591821, SB loss: 1.063110, GIOU loss: 1.000235, CONF loss: 0.693158
2024-04-13 12:35:42,632 Epoch: [6/484] Iter:[190/495], Time: 0.94, lr: [0.01], Loss: 3.654121, Acc:0.779124, Semantic loss: 1.004457, BCE loss: 0.590931, SB loss: 1.058497, GIOU loss: 1.000235, CONF loss: 0.693173
2024-04-13 12:35:52,136 Epoch: [6/484] Iter:[200/495], Time: 0.94, lr: [0.01], Loss: 3.663167, Acc:0.778988, Semantic loss: 1.007879, BCE loss: 0.592034, SB loss: 1.063019, GIOU loss: 1.000234, CONF loss: 0.693195
2024-04-13 12:36:00,696 Epoch: [6/484] Iter:[210/495], Time: 0.94, lr: [0.01], Loss: 3.660496, Acc:0.779995, Semantic loss: 1.007349, BCE loss: 0.590416, SB loss: 1.062495, GIOU loss: 1.000235, CONF loss: 0.693248
2024-04-13 12:36:10,467 Epoch: [6/484] Iter:[220/495], Time: 0.94, lr: [0.01], Loss: 3.662426, Acc:0.780233, Semantic loss: 1.011651, BCE loss: 0.589239, SB loss: 1.061301, GIOU loss: 1.000235, CONF loss: 0.693188
2024-04-13 12:36:20,515 Epoch: [6/484] Iter:[230/495], Time: 0.94, lr: [0.01], Loss: 3.668405, Acc:0.779335, Semantic loss: 1.014673, BCE loss: 0.589893, SB loss: 1.063602, GIOU loss: 1.000236, CONF loss: 0.693294
2024-04-13 12:36:29,059 Epoch: [6/484] Iter:[240/495], Time: 0.94, lr: [0.01], Loss: 3.664519, Acc:0.779690, Semantic loss: 1.011867, BCE loss: 0.588865, SB loss: 1.063549, GIOU loss: 1.000237, CONF loss: 0.693301
2024-04-13 12:36:37,950 Epoch: [6/484] Iter:[250/495], Time: 0.94, lr: [0.01], Loss: 3.672454, Acc:0.778995, Semantic loss: 1.017994, BCE loss: 0.589853, SB loss: 1.064369, GIOU loss: 1.000237, CONF loss: 0.693299
2024-04-13 12:36:47,782 Epoch: [6/484] Iter:[260/495], Time: 0.94, lr: [0.01], Loss: 3.672614, Acc:0.778854, Semantic loss: 1.015244, BCE loss: 0.591103, SB loss: 1.066030, GIOU loss: 1.000237, CONF loss: 0.693296
2024-04-13 12:36:57,658 Epoch: [6/484] Iter:[270/495], Time: 0.94, lr: [0.01], Loss: 3.671722, Acc:0.779420, Semantic loss: 1.016100, BCE loss: 0.589383, SB loss: 1.066002, GIOU loss: 1.000236, CONF loss: 0.693300
2024-04-13 12:37:05,929 Epoch: [6/484] Iter:[280/495], Time: 0.94, lr: [0.01], Loss: 3.665089, Acc:0.779728, Semantic loss: 1.011206, BCE loss: 0.589521, SB loss: 1.064125, GIOU loss: 1.000236, CONF loss: 0.693280
2024-04-13 12:37:15,615 Epoch: [6/484] Iter:[290/495], Time: 0.94, lr: [0.01], Loss: 3.664952, Acc:0.780497, Semantic loss: 1.012943, BCE loss: 0.588486, SB loss: 1.063287, GIOU loss: 1.000236, CONF loss: 0.693285
2024-04-13 12:37:26,524 Epoch: [6/484] Iter:[300/495], Time: 0.94, lr: [0.01], Loss: 3.664443, Acc:0.780735, Semantic loss: 1.013064, BCE loss: 0.587511, SB loss: 1.063632, GIOU loss: 1.000236, CONF loss: 0.693266
2024-04-13 12:37:35,069 Epoch: [6/484] Iter:[310/495], Time: 0.94, lr: [0.01], Loss: 3.667671, Acc:0.780589, Semantic loss: 1.016204, BCE loss: 0.586930, SB loss: 1.064301, GIOU loss: 1.000236, CONF loss: 0.693276
2024-04-13 12:37:45,051 Epoch: [6/484] Iter:[320/495], Time: 0.94, lr: [0.01], Loss: 3.667481, Acc:0.780804, Semantic loss: 1.016686, BCE loss: 0.586729, SB loss: 1.063830, GIOU loss: 1.000235, CONF loss: 0.693281
2024-04-13 12:37:55,157 Epoch: [6/484] Iter:[330/495], Time: 0.94, lr: [0.01], Loss: 3.664746, Acc:0.780897, Semantic loss: 1.015017, BCE loss: 0.586659, SB loss: 1.062834, GIOU loss: 1.000236, CONF loss: 0.693262
2024-04-13 12:38:02,688 Epoch: [6/484] Iter:[340/495], Time: 0.94, lr: [0.01], Loss: 3.665082, Acc:0.781050, Semantic loss: 1.014822, BCE loss: 0.586809, SB loss: 1.063215, GIOU loss: 1.000235, CONF loss: 0.693273
2024-04-13 12:38:12,770 Epoch: [6/484] Iter:[350/495], Time: 0.94, lr: [0.01], Loss: 3.661627, Acc:0.780932, Semantic loss: 1.014019, BCE loss: 0.585495, SB loss: 1.061876, GIOU loss: 1.000235, CONF loss: 0.693282
2024-04-13 12:38:22,593 Epoch: [6/484] Iter:[360/495], Time: 0.94, lr: [0.01], Loss: 3.665059, Acc:0.780758, Semantic loss: 1.016682, BCE loss: 0.585875, SB loss: 1.062266, GIOU loss: 1.000236, CONF loss: 0.693291
2024-04-13 12:38:31,353 Epoch: [6/484] Iter:[370/495], Time: 0.94, lr: [0.01], Loss: 3.659925, Acc:0.780837, Semantic loss: 1.014098, BCE loss: 0.585018, SB loss: 1.060572, GIOU loss: 1.000236, CONF loss: 0.693319
2024-04-13 12:38:39,777 Epoch: [6/484] Iter:[380/495], Time: 0.94, lr: [0.01], Loss: 3.665164, Acc:0.780473, Semantic loss: 1.017860, BCE loss: 0.584573, SB loss: 1.062494, GIOU loss: 1.000236, CONF loss: 0.693316
2024-04-13 12:38:50,229 Epoch: [6/484] Iter:[390/495], Time: 0.94, lr: [0.01], Loss: 3.661080, Acc:0.781044, Semantic loss: 1.014737, BCE loss: 0.584303, SB loss: 1.061804, GIOU loss: 1.000236, CONF loss: 0.693305
2024-04-13 12:38:58,833 Epoch: [6/484] Iter:[400/495], Time: 0.94, lr: [0.01], Loss: 3.659506, Acc:0.781761, Semantic loss: 1.013985, BCE loss: 0.583639, SB loss: 1.061645, GIOU loss: 1.000236, CONF loss: 0.693317
2024-04-13 12:39:08,964 Epoch: [6/484] Iter:[410/495], Time: 0.94, lr: [0.01], Loss: 3.659603, Acc:0.781750, Semantic loss: 1.014664, BCE loss: 0.583398, SB loss: 1.061304, GIOU loss: 1.000237, CONF loss: 0.693332
2024-04-13 12:39:18,254 Epoch: [6/484] Iter:[420/495], Time: 0.94, lr: [0.01], Loss: 3.663177, Acc:0.781734, Semantic loss: 1.015546, BCE loss: 0.583921, SB loss: 1.063473, GIOU loss: 1.000237, CONF loss: 0.693321
2024-04-13 12:39:27,191 Epoch: [6/484] Iter:[430/495], Time: 0.94, lr: [0.01], Loss: 3.665282, Acc:0.781230, Semantic loss: 1.016189, BCE loss: 0.584682, SB loss: 1.064173, GIOU loss: 1.000237, CONF loss: 0.693348
2024-04-13 12:39:37,224 Epoch: [6/484] Iter:[440/495], Time: 0.94, lr: [0.01], Loss: 3.667384, Acc:0.781324, Semantic loss: 1.017685, BCE loss: 0.584583, SB loss: 1.064879, GIOU loss: 1.000237, CONF loss: 0.693349
2024-04-13 12:39:46,749 Epoch: [6/484] Iter:[450/495], Time: 0.94, lr: [0.01], Loss: 3.668294, Acc:0.780726, Semantic loss: 1.018447, BCE loss: 0.584838, SB loss: 1.064772, GIOU loss: 1.000237, CONF loss: 0.693348
2024-04-13 12:39:55,310 Epoch: [6/484] Iter:[460/495], Time: 0.94, lr: [0.01], Loss: 3.668323, Acc:0.780970, Semantic loss: 1.017699, BCE loss: 0.585165, SB loss: 1.065221, GIOU loss: 1.000237, CONF loss: 0.693352
2024-04-13 12:40:05,645 Epoch: [6/484] Iter:[470/495], Time: 0.94, lr: [0.01], Loss: 3.670631, Acc:0.780925, Semantic loss: 1.018975, BCE loss: 0.586322, SB loss: 1.065096, GIOU loss: 1.000237, CONF loss: 0.693346
2024-04-13 12:40:13,809 Epoch: [6/484] Iter:[480/495], Time: 0.94, lr: [0.01], Loss: 3.670428, Acc:0.780959, Semantic loss: 1.019884, BCE loss: 0.586723, SB loss: 1.063585, GIOU loss: 1.000237, CONF loss: 0.693311
2024-04-13 12:40:22,207 Epoch: [6/484] Iter:[490/495], Time: 0.94, lr: [0.01], Loss: 3.667996, Acc:0.781145, Semantic loss: 1.018055, BCE loss: 0.586478, SB loss: 1.063226, GIOU loss: 1.000236, CONF loss: 0.693292
2024-04-13 12:45:14,527 0 [0.36394156 0.         0.         0.         0.         0.
 0.         0.         0.         0.         0.         0.
 0.         0.         0.         0.         0.         0.
 0.        ] 0.01915481868543123
2024-04-13 12:45:14,527 1 [0.40488322 0.         0.         0.         0.         0.
 0.         0.         0.         0.         0.         0.
 0.         0.         0.         0.         0.         0.
 0.        ] 0.021309643042714974
2024-04-13 12:45:14,540 => saving checkpoint to output/cityscapes/pidnet_small_cityscapescheckpoint.pth.tar
2024-04-13 12:45:15,516 Loss: 13.915, MeanIU:  0.0213, Best_mIoU:  0.0236
2024-04-13 12:45:22,417 Epoch: [7/484] Iter:[0/495], Time: 6.77, lr: [0.01], Loss: 3.960050, Acc:0.744283, Semantic loss: 1.175999, BCE loss: 0.587253, SB loss: 1.196582, GIOU loss: 1.000215, CONF loss: 0.692352
2024-04-13 12:45:30,021 Epoch: [7/484] Iter:[10/495], Time: 1.31, lr: [0.01], Loss: 3.518256, Acc:0.784398, Semantic loss: 0.914127, BCE loss: 0.569400, SB loss: 1.034468, GIOU loss: 1.000260, CONF loss: 0.693766
2024-04-13 12:45:40,041 Epoch: [7/484] Iter:[20/495], Time: 1.16, lr: [0.01], Loss: 3.600942, Acc:0.777806, Semantic loss: 0.978259, BCE loss: 0.578517, SB loss: 1.043912, GIOU loss: 1.000253, CONF loss: 0.692871
2024-04-13 12:45:49,877 Epoch: [7/484] Iter:[30/495], Time: 1.10, lr: [0.01], Loss: 3.639671, Acc:0.780879, Semantic loss: 1.018916, BCE loss: 0.569607, SB loss: 1.050893, GIOU loss: 1.000254, CONF loss: 0.691202
2024-04-13 12:45:57,978 Epoch: [7/484] Iter:[40/495], Time: 1.03, lr: [0.01], Loss: 3.634177, Acc:0.784225, Semantic loss: 1.012711, BCE loss: 0.575174, SB loss: 1.046044, GIOU loss: 1.000247, CONF loss: 0.691446
2024-04-13 12:46:07,819 Epoch: [7/484] Iter:[50/495], Time: 1.02, lr: [0.01], Loss: 3.652386, Acc:0.781675, Semantic loss: 1.013813, BCE loss: 0.580083, SB loss: 1.058251, GIOU loss: 1.000239, CONF loss: 0.691470
2024-04-13 12:46:17,392 Epoch: [7/484] Iter:[60/495], Time: 1.01, lr: [0.01], Loss: 3.679801, Acc:0.783119, Semantic loss: 1.028147, BCE loss: 0.583183, SB loss: 1.068230, GIOU loss: 1.000241, CONF loss: 0.691665
2024-04-13 12:46:25,745 Epoch: [7/484] Iter:[70/495], Time: 0.99, lr: [0.01], Loss: 3.655783, Acc:0.785959, Semantic loss: 1.011251, BCE loss: 0.580926, SB loss: 1.063365, GIOU loss: 1.000240, CONF loss: 0.691769
